nohup: 入力を無視します
2025-09-12 12:31:50.378285: I external/local_xla/xla/tsl/cuda/cudart_stub.cc:31] Could not find cuda drivers on your machine, GPU will not be used.
2025-09-12 12:31:50.414466: I tensorflow/core/platform/cpu_feature_guard.cc:210] This TensorFlow binary is optimized to use available CPU instructions in performance-critical operations.
To enable the following instructions: AVX2 FMA, in other operations, rebuild TensorFlow with the appropriate compiler flags.
2025-09-12 12:31:51.209202: I external/local_xla/xla/tsl/cuda/cudart_stub.cc:31] Could not find cuda drivers on your machine, GPU will not be used.
特徴選択前：(1128, 1597)
特徴選択後：(1128, 1597)
学習データ数: 1128
検証データ数: 282
テストデータ数: 353
Epoch [1/20], Train Loss: 3.7755, Validation Loss: 1.3817
Epoch [2/20], Train Loss: 1.5223, Validation Loss: 1.0741
Epoch [3/20], Train Loss: 1.2100, Validation Loss: 0.9285
Epoch [4/20], Train Loss: 1.0201, Validation Loss: 0.8111
Epoch [5/20], Train Loss: 0.9152, Validation Loss: 0.7931
Epoch [6/20], Train Loss: 0.8364, Validation Loss: 0.7222
Epoch [7/20], Train Loss: 0.7689, Validation Loss: 0.7085
Epoch [8/20], Train Loss: 0.7096, Validation Loss: 0.6742
Epoch [9/20], Train Loss: 0.6903, Validation Loss: 0.6838
Epoch [10/20], Train Loss: 0.6599, Validation Loss: 0.6961
Epoch [11/20], Train Loss: 0.5857, Validation Loss: 0.6570
Epoch [12/20], Train Loss: 0.5569, Validation Loss: 0.7122
Epoch [13/20], Train Loss: 0.5410, Validation Loss: 0.6978
Epoch [14/20], Train Loss: 0.5133, Validation Loss: 0.6791
Epoch [15/20], Train Loss: 0.4825, Validation Loss: 0.6970
Epoch [16/20], Train Loss: 0.4433, Validation Loss: 0.6922
Epoch [17/20], Train Loss: 0.4056, Validation Loss: 0.6855
Epoch [18/20], Train Loss: 0.3833, Validation Loss: 0.7149
Epoch [19/20], Train Loss: 0.3653, Validation Loss: 0.7192
Epoch [20/20], Train Loss: 0.3519, Validation Loss: 0.7064
CSVファイルを作成中...
CSVファイルを 'result_DRA/['pH_dry_soil', 'available_P', 'EC_electric_conductivity', 'Total_C', 'Total_N']/fold1/MT/feature_train/shared_features_and_predictions.csv' に保存しました。
ヒストグラムを次元ごとに作成中...
ヒストグラムを 'result_DRA/['pH_dry_soil', 'available_P', 'EC_electric_conductivity', 'Total_C', 'Total_N']/fold1/MT/feature_train/histograms' ディレクトリに保存しました。
CSVファイルを作成中...
CSVファイルを 'result_DRA/['pH_dry_soil', 'available_P', 'EC_electric_conductivity', 'Total_C', 'Total_N']/fold1/MT/feature_test/shared_features_and_predictions.csv' に保存しました。
ヒストグラムを次元ごとに作成中...
ヒストグラムを 'result_DRA/['pH_dry_soil', 'available_P', 'EC_electric_conductivity', 'Total_C', 'Total_N']/fold1/MT/feature_test/histograms' ディレクトリに保存しました。
Output 1 (pH_dry_soil): R^2 Score = 0.662, MSE = 0.380
Output 2 (available_P): R^2 Score = 0.793, MSE = 372.228
Output 3 (EC_electric_conductivity): R^2 Score = 0.723, MSE = 0.171
Output 4 (Total_C): R^2 Score = 0.797, MSE = 0.872
Output 5 (Total_N): R^2 Score = 0.651, MSE = 0.070
学習データ数: 1128
検証データ数: 282
テストデータ数: 353
Epoch [1/20], Train Loss: 3.5463, Validation Loss: 1.5292
Epoch [2/20], Train Loss: 1.4905, Validation Loss: 1.0753
Epoch [3/20], Train Loss: 1.1548, Validation Loss: 0.9251
Epoch [4/20], Train Loss: 0.9831, Validation Loss: 0.8261
Epoch [5/20], Train Loss: 0.8726, Validation Loss: 0.7860
Epoch [6/20], Train Loss: 0.8047, Validation Loss: 0.7882
Epoch [7/20], Train Loss: 0.7717, Validation Loss: 0.7232
Epoch [8/20], Train Loss: 0.6904, Validation Loss: 0.6915
Epoch [9/20], Train Loss: 0.6706, Validation Loss: 0.7399
Epoch [10/20], Train Loss: 0.6329, Validation Loss: 0.6990
Epoch [11/20], Train Loss: 0.5641, Validation Loss: 0.6962
Epoch [12/20], Train Loss: 0.5289, Validation Loss: 0.6792
Epoch [13/20], Train Loss: 0.4955, Validation Loss: 0.7212
Epoch [14/20], Train Loss: 0.4735, Validation Loss: 0.7075
Epoch [15/20], Train Loss: 0.4671, Validation Loss: 0.7076
Epoch [16/20], Train Loss: 0.4415, Validation Loss: 0.7324
Epoch [17/20], Train Loss: 0.4175, Validation Loss: 0.7489
Epoch [18/20], Train Loss: 0.3792, Validation Loss: 0.7522
Epoch [19/20], Train Loss: 0.3587, Validation Loss: 0.7723
Epoch [20/20], Train Loss: 0.3358, Validation Loss: 0.7686
CSVファイルを作成中...
CSVファイルを 'result_DRA/['pH_dry_soil', 'available_P', 'EC_electric_conductivity', 'Total_C', 'Total_N']/fold1/MT_SUM/feature_train/shared_features_and_predictions.csv' に保存しました。
ヒストグラムを次元ごとに作成中...
ヒストグラムを 'result_DRA/['pH_dry_soil', 'available_P', 'EC_electric_conductivity', 'Total_C', 'Total_N']/fold1/MT_SUM/feature_train/histograms' ディレクトリに保存しました。
CSVファイルを作成中...
CSVファイルを 'result_DRA/['pH_dry_soil', 'available_P', 'EC_electric_conductivity', 'Total_C', 'Total_N']/fold1/MT_SUM/feature_test/shared_features_and_predictions.csv' に保存しました。
ヒストグラムを次元ごとに作成中...
ヒストグラムを 'result_DRA/['pH_dry_soil', 'available_P', 'EC_electric_conductivity', 'Total_C', 'Total_N']/fold1/MT_SUM/feature_test/histograms' ディレクトリに保存しました。
Output 1 (pH_dry_soil): R^2 Score = 0.652, MSE = 0.389
Output 2 (available_P): R^2 Score = 0.767, MSE = 425.752
Output 3 (EC_electric_conductivity): R^2 Score = 0.729, MSE = 0.173
Output 4 (Total_C): R^2 Score = 0.773, MSE = 1.011
Output 5 (Total_N): R^2 Score = 0.648, MSE = 0.079
torch.Size([1128, 1597])
学習データ数: 1128
検証データ数: 282
テストデータ数: 353
Epoch [1/20], Train Loss: 1.5961, Validation Loss: 0.3398
Epoch [2/20], Train Loss: 0.4545, Validation Loss: 0.3848
Epoch [3/20], Train Loss: 0.3664, Validation Loss: 0.3088
Epoch [4/20], Train Loss: 0.2937, Validation Loss: 0.2109
Epoch [5/20], Train Loss: 0.2551, Validation Loss: 0.2031
Epoch [6/20], Train Loss: 0.2089, Validation Loss: 0.1928
Epoch [7/20], Train Loss: 0.1976, Validation Loss: 0.1985
Epoch [8/20], Train Loss: 0.1824, Validation Loss: 0.1847
Epoch [9/20], Train Loss: 0.1705, Validation Loss: 0.1894
Epoch [10/20], Train Loss: 0.1622, Validation Loss: 0.1911
Epoch [11/20], Train Loss: 0.1527, Validation Loss: 0.1930
Epoch [12/20], Train Loss: 0.1451, Validation Loss: 0.1937
Epoch [13/20], Train Loss: 0.1357, Validation Loss: 0.2026
Epoch [14/20], Train Loss: 0.1324, Validation Loss: 0.2077
Epoch [15/20], Train Loss: 0.1303, Validation Loss: 0.2254
Epoch [16/20], Train Loss: 0.1300, Validation Loss: 0.2249
Epoch [17/20], Train Loss: 0.1141, Validation Loss: 0.2103
Epoch [18/20], Train Loss: 0.1062, Validation Loss: 0.2094
Epoch [19/20], Train Loss: 0.1048, Validation Loss: 0.2227
Epoch [20/20], Train Loss: 0.0914, Validation Loss: 0.2175
CSVファイルを作成中...
CSVファイルを 'result_DRA/['pH_dry_soil', 'available_P', 'EC_electric_conductivity', 'Total_C', 'Total_N']/fold1/ST/feature_train/shared_features_and_predictions.csv' に保存しました。
ヒストグラムを次元ごとに作成中...
ヒストグラムを 'result_DRA/['pH_dry_soil', 'available_P', 'EC_electric_conductivity', 'Total_C', 'Total_N']/fold1/ST/feature_train/histograms' ディレクトリに保存しました。
CSVファイルを作成中...
CSVファイルを 'result_DRA/['pH_dry_soil', 'available_P', 'EC_electric_conductivity', 'Total_C', 'Total_N']/fold1/ST/feature_test/shared_features_and_predictions.csv' に保存しました。
ヒストグラムを次元ごとに作成中...
ヒストグラムを 'result_DRA/['pH_dry_soil', 'available_P', 'EC_electric_conductivity', 'Total_C', 'Total_N']/fold1/ST/feature_test/histograms' ディレクトリに保存しました。
Output 1 (pH_dry_soil): R^2 Score = 0.683, MSE = 0.374
(353, 1)
(353, 1597)
['fold1']
RF：
決定係数：0.7066851856487059
MAE：0.3408716746675136
['fold1']
XGB：
決定係数：0.6854575307044638
MAE：0.3523639440536499
torch.Size([1128, 1597])
学習データ数: 1128
検証データ数: 282
テストデータ数: 353
Epoch [1/20], Train Loss: 1.6635, Validation Loss: 0.2770
Epoch [2/20], Train Loss: 0.2734, Validation Loss: 0.2451
Epoch [3/20], Train Loss: 0.2437, Validation Loss: 0.2103
Epoch [4/20], Train Loss: 0.2301, Validation Loss: 0.2116
Epoch [5/20], Train Loss: 0.2272, Validation Loss: 0.1734
Epoch [6/20], Train Loss: 0.2027, Validation Loss: 0.1749
Epoch [7/20], Train Loss: 0.1802, Validation Loss: 0.1766
Epoch [8/20], Train Loss: 0.1659, Validation Loss: 0.1686
Epoch [9/20], Train Loss: 0.1563, Validation Loss: 0.1426
Epoch [10/20], Train Loss: 0.1308, Validation Loss: 0.1701
Epoch [11/20], Train Loss: 0.1290, Validation Loss: 0.1289
Epoch [12/20], Train Loss: 0.1053, Validation Loss: 0.1371
Epoch [13/20], Train Loss: 0.0960, Validation Loss: 0.1303
Epoch [14/20], Train Loss: 0.0912, Validation Loss: 0.1294
Epoch [15/20], Train Loss: 0.0806, Validation Loss: 0.1329
Epoch [16/20], Train Loss: 0.0758, Validation Loss: 0.1382
Epoch [17/20], Train Loss: 0.0730, Validation Loss: 0.1345
Epoch [18/20], Train Loss: 0.0650, Validation Loss: 0.1299
Epoch [19/20], Train Loss: 0.0597, Validation Loss: 0.1327
Epoch [20/20], Train Loss: 0.0561, Validation Loss: 0.1364
CSVファイルを作成中...
CSVファイルを 'result_DRA/['pH_dry_soil', 'available_P', 'EC_electric_conductivity', 'Total_C', 'Total_N']/fold1/ST/feature_train/shared_features_and_predictions.csv' に保存しました。
ヒストグラムを次元ごとに作成中...
ヒストグラムを 'result_DRA/['pH_dry_soil', 'available_P', 'EC_electric_conductivity', 'Total_C', 'Total_N']/fold1/ST/feature_train/histograms' ディレクトリに保存しました。
CSVファイルを作成中...
CSVファイルを 'result_DRA/['pH_dry_soil', 'available_P', 'EC_electric_conductivity', 'Total_C', 'Total_N']/fold1/ST/feature_test/shared_features_and_predictions.csv' に保存しました。
ヒストグラムを次元ごとに作成中...
ヒストグラムを 'result_DRA/['pH_dry_soil', 'available_P', 'EC_electric_conductivity', 'Total_C', 'Total_N']/fold1/ST/feature_test/histograms' ディレクトリに保存しました。
Output 1 (available_P): R^2 Score = 0.782, MSE = 373.638
(353, 1)
(353, 1597)
['fold1']
RF：
決定係数：0.7111884895324384
MAE：438.50751989637445
['fold1']
XGB：
決定係数：0.7302001868372642
MAE：408.8432922363281
torch.Size([1128, 1597])
学習データ数: 1128
検証データ数: 282
テストデータ数: 353
Epoch [1/20], Train Loss: 2.2035, Validation Loss: 0.2395
Epoch [2/20], Train Loss: 0.3699, Validation Loss: 0.1704
Epoch [3/20], Train Loss: 0.2089, Validation Loss: 0.1264
Epoch [4/20], Train Loss: 0.1693, Validation Loss: 0.1160
Epoch [5/20], Train Loss: 0.1620, Validation Loss: 0.1117
Epoch [6/20], Train Loss: 0.1499, Validation Loss: 0.1094
Epoch [7/20], Train Loss: 0.1431, Validation Loss: 0.1111
Epoch [8/20], Train Loss: 0.1427, Validation Loss: 0.1081
Epoch [9/20], Train Loss: 0.1287, Validation Loss: 0.1246
Epoch [10/20], Train Loss: 0.1251, Validation Loss: 0.1181
Epoch [11/20], Train Loss: 0.1253, Validation Loss: 0.1270
Epoch [12/20], Train Loss: 0.1202, Validation Loss: 0.1153
Epoch [13/20], Train Loss: 0.1048, Validation Loss: 0.1208
Epoch [14/20], Train Loss: 0.1048, Validation Loss: 0.1206
Epoch [15/20], Train Loss: 0.0984, Validation Loss: 0.1220
Epoch [16/20], Train Loss: 0.0908, Validation Loss: 0.1267
Epoch [17/20], Train Loss: 0.0975, Validation Loss: 0.1569
Epoch [18/20], Train Loss: 0.0888, Validation Loss: 0.1285
Epoch [19/20], Train Loss: 0.0819, Validation Loss: 0.1319
Epoch [20/20], Train Loss: 0.0743, Validation Loss: 0.1350
CSVファイルを作成中...
CSVファイルを 'result_DRA/['pH_dry_soil', 'available_P', 'EC_electric_conductivity', 'Total_C', 'Total_N']/fold1/ST/feature_train/shared_features_and_predictions.csv' に保存しました。
ヒストグラムを次元ごとに作成中...
ヒストグラムを 'result_DRA/['pH_dry_soil', 'available_P', 'EC_electric_conductivity', 'Total_C', 'Total_N']/fold1/ST/feature_train/histograms' ディレクトリに保存しました。
CSVファイルを作成中...
CSVファイルを 'result_DRA/['pH_dry_soil', 'available_P', 'EC_electric_conductivity', 'Total_C', 'Total_N']/fold1/ST/feature_test/shared_features_and_predictions.csv' に保存しました。
ヒストグラムを次元ごとに作成中...
ヒストグラムを 'result_DRA/['pH_dry_soil', 'available_P', 'EC_electric_conductivity', 'Total_C', 'Total_N']/fold1/ST/feature_test/histograms' ディレクトリに保存しました。
Output 1 (EC_electric_conductivity): R^2 Score = 0.720, MSE = 0.169
(353, 1)
(353, 1597)
['fold1']
RF：
決定係数：0.6820216426272336
MAE：0.16468991646057804
['fold1']
XGB：
決定係数：0.6623056178942495
MAE：0.16463704407215118
torch.Size([1128, 1597])
学習データ数: 1128
検証データ数: 282
テストデータ数: 353
Epoch [1/20], Train Loss: 1.4255, Validation Loss: 0.3784
Epoch [2/20], Train Loss: 0.3911, Validation Loss: 0.3252
Epoch [3/20], Train Loss: 0.3068, Validation Loss: 0.2698
Epoch [4/20], Train Loss: 0.2687, Validation Loss: 0.2315
Epoch [5/20], Train Loss: 0.2377, Validation Loss: 0.2281
Epoch [6/20], Train Loss: 0.2213, Validation Loss: 0.1890
Epoch [7/20], Train Loss: 0.1954, Validation Loss: 0.1737
Epoch [8/20], Train Loss: 0.1792, Validation Loss: 0.1596
Epoch [9/20], Train Loss: 0.1598, Validation Loss: 0.1465
Epoch [10/20], Train Loss: 0.1495, Validation Loss: 0.1387
Epoch [11/20], Train Loss: 0.1404, Validation Loss: 0.1341
Epoch [12/20], Train Loss: 0.1296, Validation Loss: 0.1306
Epoch [13/20], Train Loss: 0.1273, Validation Loss: 0.1295
Epoch [14/20], Train Loss: 0.1185, Validation Loss: 0.1277
Epoch [15/20], Train Loss: 0.1158, Validation Loss: 0.1332
Epoch [16/20], Train Loss: 0.1079, Validation Loss: 0.1276
Epoch [17/20], Train Loss: 0.1062, Validation Loss: 0.1502
Epoch [18/20], Train Loss: 0.1154, Validation Loss: 0.1323
Epoch [19/20], Train Loss: 0.0949, Validation Loss: 0.1307
Epoch [20/20], Train Loss: 0.0920, Validation Loss: 0.1282
CSVファイルを作成中...
CSVファイルを 'result_DRA/['pH_dry_soil', 'available_P', 'EC_electric_conductivity', 'Total_C', 'Total_N']/fold1/ST/feature_train/shared_features_and_predictions.csv' に保存しました。
ヒストグラムを次元ごとに作成中...
ヒストグラムを 'result_DRA/['pH_dry_soil', 'available_P', 'EC_electric_conductivity', 'Total_C', 'Total_N']/fold1/ST/feature_train/histograms' ディレクトリに保存しました。
CSVファイルを作成中...
CSVファイルを 'result_DRA/['pH_dry_soil', 'available_P', 'EC_electric_conductivity', 'Total_C', 'Total_N']/fold1/ST/feature_test/shared_features_and_predictions.csv' に保存しました。
ヒストグラムを次元ごとに作成中...
ヒストグラムを 'result_DRA/['pH_dry_soil', 'available_P', 'EC_electric_conductivity', 'Total_C', 'Total_N']/fold1/ST/feature_test/histograms' ディレクトリに保存しました。
Output 1 (Total_C): R^2 Score = 0.796, MSE = 0.879
(353, 1)
(353, 1597)
['fold1']
RF：
決定係数：0.7954564405882886
MAE：0.9071637765875233
['fold1']
XGB：
決定係数：0.7622558595745624
MAE：0.8939295411109924
torch.Size([1128, 1597])
学習データ数: 1128
検証データ数: 282
テストデータ数: 353
Epoch [1/20], Train Loss: 0.9990, Validation Loss: 0.1911
Epoch [2/20], Train Loss: 0.2442, Validation Loss: 0.1495
Epoch [3/20], Train Loss: 0.1879, Validation Loss: 0.1126
Epoch [4/20], Train Loss: 0.1548, Validation Loss: 0.1037
Epoch [5/20], Train Loss: 0.1422, Validation Loss: 0.0913
Epoch [6/20], Train Loss: 0.1322, Validation Loss: 0.0857
Epoch [7/20], Train Loss: 0.1235, Validation Loss: 0.0786
Epoch [8/20], Train Loss: 0.1176, Validation Loss: 0.0866
Epoch [9/20], Train Loss: 0.1100, Validation Loss: 0.0751
Epoch [10/20], Train Loss: 0.1056, Validation Loss: 0.0785
Epoch [11/20], Train Loss: 0.1040, Validation Loss: 0.0837
Epoch [12/20], Train Loss: 0.0975, Validation Loss: 0.0792
Epoch [13/20], Train Loss: 0.0921, Validation Loss: 0.0774
Epoch [14/20], Train Loss: 0.0860, Validation Loss: 0.0810
Epoch [15/20], Train Loss: 0.0901, Validation Loss: 0.0971
Epoch [16/20], Train Loss: 0.0853, Validation Loss: 0.0851
Epoch [17/20], Train Loss: 0.0875, Validation Loss: 0.1140
Epoch [18/20], Train Loss: 0.0872, Validation Loss: 0.0874
Epoch [19/20], Train Loss: 0.0799, Validation Loss: 0.0917
Epoch [20/20], Train Loss: 0.0768, Validation Loss: 0.0929
CSVファイルを作成中...
CSVファイルを 'result_DRA/['pH_dry_soil', 'available_P', 'EC_electric_conductivity', 'Total_C', 'Total_N']/fold1/ST/feature_train/shared_features_and_predictions.csv' に保存しました。
ヒストグラムを次元ごとに作成中...
ヒストグラムを 'result_DRA/['pH_dry_soil', 'available_P', 'EC_electric_conductivity', 'Total_C', 'Total_N']/fold1/ST/feature_train/histograms' ディレクトリに保存しました。
CSVファイルを作成中...
CSVファイルを 'result_DRA/['pH_dry_soil', 'available_P', 'EC_electric_conductivity', 'Total_C', 'Total_N']/fold1/ST/feature_test/shared_features_and_predictions.csv' に保存しました。
ヒストグラムを次元ごとに作成中...
ヒストグラムを 'result_DRA/['pH_dry_soil', 'available_P', 'EC_electric_conductivity', 'Total_C', 'Total_N']/fold1/ST/feature_test/histograms' ディレクトリに保存しました。
Output 1 (Total_N): R^2 Score = 0.649, MSE = 0.076
(353, 1)
(353, 1597)
['fold1']
RF：
決定係数：0.5303426029623071
MAE：0.07739271336281198
['fold1']
XGB：
決定係数：0.702940541770051
MAE：0.07295610010623932
特徴選択前：(1128, 1597)
特徴選択後：(1128, 1597)
学習データ数: 1128
検証データ数: 282
テストデータ数: 353
Epoch [1/20], Train Loss: 4.4139, Validation Loss: 1.5792
Epoch [2/20], Train Loss: 1.6035, Validation Loss: 1.3228
Epoch [3/20], Train Loss: 1.2989, Validation Loss: 1.1055
Epoch [4/20], Train Loss: 1.0879, Validation Loss: 1.0069
Epoch [5/20], Train Loss: 0.9968, Validation Loss: 0.9613
Epoch [6/20], Train Loss: 0.9309, Validation Loss: 0.9248
Epoch [7/20], Train Loss: 0.8760, Validation Loss: 0.9945
Epoch [8/20], Train Loss: 0.8398, Validation Loss: 0.8571
Epoch [9/20], Train Loss: 0.7467, Validation Loss: 0.8376
Epoch [10/20], Train Loss: 0.6960, Validation Loss: 0.7809
Epoch [11/20], Train Loss: 0.6398, Validation Loss: 0.7964
Epoch [12/20], Train Loss: 0.6034, Validation Loss: 0.8240
Epoch [13/20], Train Loss: 0.5888, Validation Loss: 0.7796
Epoch [14/20], Train Loss: 0.5652, Validation Loss: 0.7602
Epoch [15/20], Train Loss: 0.5532, Validation Loss: 0.7745
Epoch [16/20], Train Loss: 0.5165, Validation Loss: 0.8068
Epoch [17/20], Train Loss: 0.5122, Validation Loss: 0.7725
Epoch [18/20], Train Loss: 0.4564, Validation Loss: 0.7857
Epoch [19/20], Train Loss: 0.4531, Validation Loss: 0.8046
Epoch [20/20], Train Loss: 0.4264, Validation Loss: 0.7861
CSVファイルを作成中...
CSVファイルを 'result_DRA/['pH_dry_soil', 'available_P', 'EC_electric_conductivity', 'Total_C', 'Total_N']/fold2/MT/feature_train/shared_features_and_predictions.csv' に保存しました。
ヒストグラムを次元ごとに作成中...
ヒストグラムを 'result_DRA/['pH_dry_soil', 'available_P', 'EC_electric_conductivity', 'Total_C', 'Total_N']/fold2/MT/feature_train/histograms' ディレクトリに保存しました。
CSVファイルを作成中...
CSVファイルを 'result_DRA/['pH_dry_soil', 'available_P', 'EC_electric_conductivity', 'Total_C', 'Total_N']/fold2/MT/feature_test/shared_features_and_predictions.csv' に保存しました。
ヒストグラムを次元ごとに作成中...
ヒストグラムを 'result_DRA/['pH_dry_soil', 'available_P', 'EC_electric_conductivity', 'Total_C', 'Total_N']/fold2/MT/feature_test/histograms' ディレクトリに保存しました。
Output 1 (pH_dry_soil): R^2 Score = 0.690, MSE = 0.372
Output 2 (available_P): R^2 Score = 0.751, MSE = 445.622
Output 3 (EC_electric_conductivity): R^2 Score = 0.756, MSE = 0.157
Output 4 (Total_C): R^2 Score = 0.690, MSE = 0.949
Output 5 (Total_N): R^2 Score = 0.381, MSE = 0.085
学習データ数: 1128
検証データ数: 282
テストデータ数: 353
Epoch [1/20], Train Loss: 3.6664, Validation Loss: 1.5432
Epoch [2/20], Train Loss: 1.4683, Validation Loss: 1.1880
Epoch [3/20], Train Loss: 1.2143, Validation Loss: 1.0517
Epoch [4/20], Train Loss: 1.0452, Validation Loss: 0.9565
Epoch [5/20], Train Loss: 0.9394, Validation Loss: 0.8625
Epoch [6/20], Train Loss: 0.8543, Validation Loss: 0.8325
Epoch [7/20], Train Loss: 0.7630, Validation Loss: 0.8033
Epoch [8/20], Train Loss: 0.6931, Validation Loss: 0.7856
Epoch [9/20], Train Loss: 0.6786, Validation Loss: 0.7707
Epoch [10/20], Train Loss: 0.6208, Validation Loss: 0.7801
Epoch [11/20], Train Loss: 0.5940, Validation Loss: 0.7928
Epoch [12/20], Train Loss: 0.5792, Validation Loss: 0.7691
Epoch [13/20], Train Loss: 0.5686, Validation Loss: 0.8198
Epoch [14/20], Train Loss: 0.5312, Validation Loss: 0.7591
Epoch [15/20], Train Loss: 0.4678, Validation Loss: 0.8017
Epoch [16/20], Train Loss: 0.4467, Validation Loss: 0.7456
Epoch [17/20], Train Loss: 0.4073, Validation Loss: 0.7622
Epoch [18/20], Train Loss: 0.3779, Validation Loss: 0.7704
Epoch [19/20], Train Loss: 0.3863, Validation Loss: 0.7785
Epoch [20/20], Train Loss: 0.3667, Validation Loss: 0.8036
CSVファイルを作成中...
CSVファイルを 'result_DRA/['pH_dry_soil', 'available_P', 'EC_electric_conductivity', 'Total_C', 'Total_N']/fold2/MT_SUM/feature_train/shared_features_and_predictions.csv' に保存しました。
ヒストグラムを次元ごとに作成中...
ヒストグラムを 'result_DRA/['pH_dry_soil', 'available_P', 'EC_electric_conductivity', 'Total_C', 'Total_N']/fold2/MT_SUM/feature_train/histograms' ディレクトリに保存しました。
CSVファイルを作成中...
CSVファイルを 'result_DRA/['pH_dry_soil', 'available_P', 'EC_electric_conductivity', 'Total_C', 'Total_N']/fold2/MT_SUM/feature_test/shared_features_and_predictions.csv' に保存しました。
ヒストグラムを次元ごとに作成中...
ヒストグラムを 'result_DRA/['pH_dry_soil', 'available_P', 'EC_electric_conductivity', 'Total_C', 'Total_N']/fold2/MT_SUM/feature_test/histograms' ディレクトリに保存しました。
Output 1 (pH_dry_soil): R^2 Score = 0.685, MSE = 0.363
Output 2 (available_P): R^2 Score = 0.763, MSE = 442.450
Output 3 (EC_electric_conductivity): R^2 Score = 0.740, MSE = 0.158
Output 4 (Total_C): R^2 Score = 0.682, MSE = 0.951
Output 5 (Total_N): R^2 Score = 0.376, MSE = 0.084
torch.Size([1128, 1597])
学習データ数: 1128
検証データ数: 282
テストデータ数: 353
Epoch [1/20], Train Loss: 1.1357, Validation Loss: 0.4198
Epoch [2/20], Train Loss: 0.4524, Validation Loss: 0.3550
Epoch [3/20], Train Loss: 0.3447, Validation Loss: 0.2697
Epoch [4/20], Train Loss: 0.2742, Validation Loss: 0.2470
Epoch [5/20], Train Loss: 0.2436, Validation Loss: 0.2645
Epoch [6/20], Train Loss: 0.2197, Validation Loss: 0.2487
Epoch [7/20], Train Loss: 0.2040, Validation Loss: 0.2376
Epoch [8/20], Train Loss: 0.1891, Validation Loss: 0.2283
Epoch [9/20], Train Loss: 0.1838, Validation Loss: 0.2597
Epoch [10/20], Train Loss: 0.1783, Validation Loss: 0.2328
Epoch [11/20], Train Loss: 0.1726, Validation Loss: 0.2285
Epoch [12/20], Train Loss: 0.1793, Validation Loss: 0.2519
Epoch [13/20], Train Loss: 0.1781, Validation Loss: 0.2447
Epoch [14/20], Train Loss: 0.1907, Validation Loss: 0.3011
Epoch [15/20], Train Loss: 0.1839, Validation Loss: 0.2314
Epoch [16/20], Train Loss: 0.1567, Validation Loss: 0.2485
Epoch [17/20], Train Loss: 0.1406, Validation Loss: 0.2297
Epoch [18/20], Train Loss: 0.1264, Validation Loss: 0.2227
Epoch [19/20], Train Loss: 0.1305, Validation Loss: 0.2299
Epoch [20/20], Train Loss: 0.1166, Validation Loss: 0.2474
CSVファイルを作成中...
CSVファイルを 'result_DRA/['pH_dry_soil', 'available_P', 'EC_electric_conductivity', 'Total_C', 'Total_N']/fold2/ST/feature_train/shared_features_and_predictions.csv' に保存しました。
ヒストグラムを次元ごとに作成中...
ヒストグラムを 'result_DRA/['pH_dry_soil', 'available_P', 'EC_electric_conductivity', 'Total_C', 'Total_N']/fold2/ST/feature_train/histograms' ディレクトリに保存しました。
CSVファイルを作成中...
CSVファイルを 'result_DRA/['pH_dry_soil', 'available_P', 'EC_electric_conductivity', 'Total_C', 'Total_N']/fold2/ST/feature_test/shared_features_and_predictions.csv' に保存しました。
ヒストグラムを次元ごとに作成中...
ヒストグラムを 'result_DRA/['pH_dry_soil', 'available_P', 'EC_electric_conductivity', 'Total_C', 'Total_N']/fold2/ST/feature_test/histograms' ディレクトリに保存しました。
Output 1 (pH_dry_soil): R^2 Score = 0.708, MSE = 0.341
(353, 1)
(353, 1597)
['fold2']
RF：
決定係数：0.7523935507520627
MAE：0.3153314680109573
['fold2']
XGB：
決定係数：0.6960007491628298
MAE：0.3415268063545227
torch.Size([1128, 1597])
学習データ数: 1128
検証データ数: 282
テストデータ数: 353
Epoch [1/20], Train Loss: 0.9870, Validation Loss: 0.3216
Epoch [2/20], Train Loss: 0.3170, Validation Loss: 0.2856
Epoch [3/20], Train Loss: 0.2694, Validation Loss: 0.2699
Epoch [4/20], Train Loss: 0.2173, Validation Loss: 0.2167
Epoch [5/20], Train Loss: 0.1811, Validation Loss: 0.1931
Epoch [6/20], Train Loss: 0.1648, Validation Loss: 0.1799
Epoch [7/20], Train Loss: 0.1377, Validation Loss: 0.1789
Epoch [8/20], Train Loss: 0.1337, Validation Loss: 0.1871
Epoch [9/20], Train Loss: 0.1356, Validation Loss: 0.1737
Epoch [10/20], Train Loss: 0.1069, Validation Loss: 0.1570
Epoch [11/20], Train Loss: 0.1015, Validation Loss: 0.1545
Epoch [12/20], Train Loss: 0.0949, Validation Loss: 0.1569
Epoch [13/20], Train Loss: 0.0824, Validation Loss: 0.1556
Epoch [14/20], Train Loss: 0.0756, Validation Loss: 0.1471
Epoch [15/20], Train Loss: 0.0744, Validation Loss: 0.1656
Epoch [16/20], Train Loss: 0.0912, Validation Loss: 0.1836
Epoch [17/20], Train Loss: 0.0858, Validation Loss: 0.1461
Epoch [18/20], Train Loss: 0.0589, Validation Loss: 0.1452
Epoch [19/20], Train Loss: 0.0490, Validation Loss: 0.1457
Epoch [20/20], Train Loss: 0.0437, Validation Loss: 0.1532
CSVファイルを作成中...
CSVファイルを 'result_DRA/['pH_dry_soil', 'available_P', 'EC_electric_conductivity', 'Total_C', 'Total_N']/fold2/ST/feature_train/shared_features_and_predictions.csv' に保存しました。
ヒストグラムを次元ごとに作成中...
ヒストグラムを 'result_DRA/['pH_dry_soil', 'available_P', 'EC_electric_conductivity', 'Total_C', 'Total_N']/fold2/ST/feature_train/histograms' ディレクトリに保存しました。
CSVファイルを作成中...
CSVファイルを 'result_DRA/['pH_dry_soil', 'available_P', 'EC_electric_conductivity', 'Total_C', 'Total_N']/fold2/ST/feature_test/shared_features_and_predictions.csv' に保存しました。
ヒストグラムを次元ごとに作成中...
ヒストグラムを 'result_DRA/['pH_dry_soil', 'available_P', 'EC_electric_conductivity', 'Total_C', 'Total_N']/fold2/ST/feature_test/histograms' ディレクトリに保存しました。
Output 1 (available_P): R^2 Score = 0.760, MSE = 423.983
(353, 1)
(353, 1597)
['fold2']
RF：
決定係数：0.702730007185743
MAE：419.44511347824414
['fold2']
XGB：
決定係数：0.677703645624865
MAE：402.62158203125
torch.Size([1128, 1597])
学習データ数: 1128
検証データ数: 282
テストデータ数: 353
Epoch [1/20], Train Loss: 0.8855, Validation Loss: 0.1948
Epoch [2/20], Train Loss: 0.2144, Validation Loss: 0.1660
Epoch [3/20], Train Loss: 0.1861, Validation Loss: 0.1384
Epoch [4/20], Train Loss: 0.1584, Validation Loss: 0.1402
Epoch [5/20], Train Loss: 0.1434, Validation Loss: 0.1278
Epoch [6/20], Train Loss: 0.1415, Validation Loss: 0.1461
Epoch [7/20], Train Loss: 0.1281, Validation Loss: 0.1322
Epoch [8/20], Train Loss: 0.1381, Validation Loss: 0.1293
Epoch [9/20], Train Loss: 0.1911, Validation Loss: 0.1378
Epoch [10/20], Train Loss: 0.1449, Validation Loss: 0.1589
Epoch [11/20], Train Loss: 0.1201, Validation Loss: 0.1405
Epoch [12/20], Train Loss: 0.1065, Validation Loss: 0.1491
Epoch [13/20], Train Loss: 0.0901, Validation Loss: 0.1327
Epoch [14/20], Train Loss: 0.0838, Validation Loss: 0.1303
Epoch [15/20], Train Loss: 0.0803, Validation Loss: 0.1344
Epoch [16/20], Train Loss: 0.0769, Validation Loss: 0.1361
Epoch [17/20], Train Loss: 0.0721, Validation Loss: 0.1306
Epoch [18/20], Train Loss: 0.0660, Validation Loss: 0.1418
Epoch [19/20], Train Loss: 0.0638, Validation Loss: 0.1320
Epoch [20/20], Train Loss: 0.0662, Validation Loss: 0.1545
CSVファイルを作成中...
CSVファイルを 'result_DRA/['pH_dry_soil', 'available_P', 'EC_electric_conductivity', 'Total_C', 'Total_N']/fold2/ST/feature_train/shared_features_and_predictions.csv' に保存しました。
ヒストグラムを次元ごとに作成中...
ヒストグラムを 'result_DRA/['pH_dry_soil', 'available_P', 'EC_electric_conductivity', 'Total_C', 'Total_N']/fold2/ST/feature_train/histograms' ディレクトリに保存しました。
CSVファイルを作成中...
CSVファイルを 'result_DRA/['pH_dry_soil', 'available_P', 'EC_electric_conductivity', 'Total_C', 'Total_N']/fold2/ST/feature_test/shared_features_and_predictions.csv' に保存しました。
ヒストグラムを次元ごとに作成中...
ヒストグラムを 'result_DRA/['pH_dry_soil', 'available_P', 'EC_electric_conductivity', 'Total_C', 'Total_N']/fold2/ST/feature_test/histograms' ディレクトリに保存しました。
Output 1 (EC_electric_conductivity): R^2 Score = 0.739, MSE = 0.162
(353, 1)
(353, 1597)
['fold2']
RF：
決定係数：0.7293598168921939
MAE：0.15892836718893985
['fold2']
XGB：
決定係数：0.7079162194742938
MAE：0.16077588498592377
torch.Size([1128, 1597])
学習データ数: 1128
検証データ数: 282
テストデータ数: 353
Epoch [1/20], Train Loss: 2.2158, Validation Loss: 0.3408
Epoch [2/20], Train Loss: 0.5729, Validation Loss: 0.2998
Epoch [3/20], Train Loss: 0.3587, Validation Loss: 0.2807
Epoch [4/20], Train Loss: 0.2996, Validation Loss: 0.2324
Epoch [5/20], Train Loss: 0.2510, Validation Loss: 0.1886
Epoch [6/20], Train Loss: 0.2108, Validation Loss: 0.1583
Epoch [7/20], Train Loss: 0.1855, Validation Loss: 0.1508
Epoch [8/20], Train Loss: 0.1544, Validation Loss: 0.1406
Epoch [9/20], Train Loss: 0.1419, Validation Loss: 0.1346
Epoch [10/20], Train Loss: 0.1444, Validation Loss: 0.1351
Epoch [11/20], Train Loss: 0.1298, Validation Loss: 0.1540
Epoch [12/20], Train Loss: 0.1189, Validation Loss: 0.1375
Epoch [13/20], Train Loss: 0.1132, Validation Loss: 0.1434
Epoch [14/20], Train Loss: 0.1232, Validation Loss: 0.1489
Epoch [15/20], Train Loss: 0.1091, Validation Loss: 0.1318
Epoch [16/20], Train Loss: 0.0962, Validation Loss: 0.1450
Epoch [17/20], Train Loss: 0.0980, Validation Loss: 0.1448
Epoch [18/20], Train Loss: 0.0946, Validation Loss: 0.1300
Epoch [19/20], Train Loss: 0.0796, Validation Loss: 0.1388
Epoch [20/20], Train Loss: 0.0774, Validation Loss: 0.1368
CSVファイルを作成中...
CSVファイルを 'result_DRA/['pH_dry_soil', 'available_P', 'EC_electric_conductivity', 'Total_C', 'Total_N']/fold2/ST/feature_train/shared_features_and_predictions.csv' に保存しました。
ヒストグラムを次元ごとに作成中...
ヒストグラムを 'result_DRA/['pH_dry_soil', 'available_P', 'EC_electric_conductivity', 'Total_C', 'Total_N']/fold2/ST/feature_train/histograms' ディレクトリに保存しました。
CSVファイルを作成中...
CSVファイルを 'result_DRA/['pH_dry_soil', 'available_P', 'EC_electric_conductivity', 'Total_C', 'Total_N']/fold2/ST/feature_test/shared_features_and_predictions.csv' に保存しました。
ヒストグラムを次元ごとに作成中...
ヒストグラムを 'result_DRA/['pH_dry_soil', 'available_P', 'EC_electric_conductivity', 'Total_C', 'Total_N']/fold2/ST/feature_test/histograms' ディレクトリに保存しました。
Output 1 (Total_C): R^2 Score = 0.712, MSE = 0.883
(353, 1)
(353, 1597)
['fold2']
RF：
決定係数：0.7296524259449448
MAE：0.8726817330379776
['fold2']
XGB：
決定係数：0.7317097506927063
MAE：0.8795515298843384
torch.Size([1128, 1597])
学習データ数: 1128
検証データ数: 282
テストデータ数: 353
Epoch [1/20], Train Loss: 1.2528, Validation Loss: 0.2796
Epoch [2/20], Train Loss: 0.3339, Validation Loss: 0.2351
Epoch [3/20], Train Loss: 0.2602, Validation Loss: 0.1843
Epoch [4/20], Train Loss: 0.2087, Validation Loss: 0.1722
Epoch [5/20], Train Loss: 0.1804, Validation Loss: 0.1757
Epoch [6/20], Train Loss: 0.1651, Validation Loss: 0.1213
Epoch [7/20], Train Loss: 0.1378, Validation Loss: 0.1216
Epoch [8/20], Train Loss: 0.1244, Validation Loss: 0.1197
Epoch [9/20], Train Loss: 0.1168, Validation Loss: 0.1151
Epoch [10/20], Train Loss: 0.1093, Validation Loss: 0.1080
Epoch [11/20], Train Loss: 0.1029, Validation Loss: 0.1111
Epoch [12/20], Train Loss: 0.1018, Validation Loss: 0.1082
Epoch [13/20], Train Loss: 0.0933, Validation Loss: 0.1106
Epoch [14/20], Train Loss: 0.0883, Validation Loss: 0.1073
Epoch [15/20], Train Loss: 0.0847, Validation Loss: 0.1071
Epoch [16/20], Train Loss: 0.0877, Validation Loss: 0.1060
Epoch [17/20], Train Loss: 0.0774, Validation Loss: 0.1218
Epoch [18/20], Train Loss: 0.0759, Validation Loss: 0.1104
Epoch [19/20], Train Loss: 0.0719, Validation Loss: 0.1095
Epoch [20/20], Train Loss: 0.0664, Validation Loss: 0.1136
CSVファイルを作成中...
CSVファイルを 'result_DRA/['pH_dry_soil', 'available_P', 'EC_electric_conductivity', 'Total_C', 'Total_N']/fold2/ST/feature_train/shared_features_and_predictions.csv' に保存しました。
ヒストグラムを次元ごとに作成中...
ヒストグラムを 'result_DRA/['pH_dry_soil', 'available_P', 'EC_electric_conductivity', 'Total_C', 'Total_N']/fold2/ST/feature_train/histograms' ディレクトリに保存しました。
CSVファイルを作成中...
CSVファイルを 'result_DRA/['pH_dry_soil', 'available_P', 'EC_electric_conductivity', 'Total_C', 'Total_N']/fold2/ST/feature_test/shared_features_and_predictions.csv' に保存しました。
ヒストグラムを次元ごとに作成中...
ヒストグラムを 'result_DRA/['pH_dry_soil', 'available_P', 'EC_electric_conductivity', 'Total_C', 'Total_N']/fold2/ST/feature_test/histograms' ディレクトリに保存しました。
Output 1 (Total_N): R^2 Score = 0.382, MSE = 0.085
(353, 1)
(353, 1597)
['fold2']
RF：
決定係数：0.29623068044174433
MAE：0.08784484978771956
['fold2']
XGB：
決定係数：0.4999943987578428
MAE：0.08029954880475998
特徴選択前：(1128, 1597)
特徴選択後：(1128, 1597)
学習データ数: 1128
検証データ数: 282
テストデータ数: 353
Epoch [1/20], Train Loss: 4.0182, Validation Loss: 1.6222
Epoch [2/20], Train Loss: 1.4365, Validation Loss: 1.4273
Epoch [3/20], Train Loss: 1.1735, Validation Loss: 1.1750
Epoch [4/20], Train Loss: 0.9846, Validation Loss: 1.0486
Epoch [5/20], Train Loss: 0.9171, Validation Loss: 1.0304
Epoch [6/20], Train Loss: 0.8754, Validation Loss: 0.9555
Epoch [7/20], Train Loss: 0.7907, Validation Loss: 0.9067
Epoch [8/20], Train Loss: 0.7092, Validation Loss: 0.8505
Epoch [9/20], Train Loss: 0.6614, Validation Loss: 0.8478
Epoch [10/20], Train Loss: 0.6181, Validation Loss: 0.8416
Epoch [11/20], Train Loss: 0.5757, Validation Loss: 0.7961
Epoch [12/20], Train Loss: 0.5511, Validation Loss: 0.7880
Epoch [13/20], Train Loss: 0.5099, Validation Loss: 0.8422
Epoch [14/20], Train Loss: 0.5003, Validation Loss: 0.7998
Epoch [15/20], Train Loss: 0.4689, Validation Loss: 0.8516
Epoch [16/20], Train Loss: 0.4362, Validation Loss: 0.8259
Epoch [17/20], Train Loss: 0.4026, Validation Loss: 0.8275
Epoch [18/20], Train Loss: 0.3911, Validation Loss: 0.8271
Epoch [19/20], Train Loss: 0.3523, Validation Loss: 0.8304
Epoch [20/20], Train Loss: 0.3269, Validation Loss: 0.8248
CSVファイルを作成中...
CSVファイルを 'result_DRA/['pH_dry_soil', 'available_P', 'EC_electric_conductivity', 'Total_C', 'Total_N']/fold3/MT/feature_train/shared_features_and_predictions.csv' に保存しました。
ヒストグラムを次元ごとに作成中...
ヒストグラムを 'result_DRA/['pH_dry_soil', 'available_P', 'EC_electric_conductivity', 'Total_C', 'Total_N']/fold3/MT/feature_train/histograms' ディレクトリに保存しました。
CSVファイルを作成中...
CSVファイルを 'result_DRA/['pH_dry_soil', 'available_P', 'EC_electric_conductivity', 'Total_C', 'Total_N']/fold3/MT/feature_test/shared_features_and_predictions.csv' に保存しました。
ヒストグラムを次元ごとに作成中...
ヒストグラムを 'result_DRA/['pH_dry_soil', 'available_P', 'EC_electric_conductivity', 'Total_C', 'Total_N']/fold3/MT/feature_test/histograms' ディレクトリに保存しました。
Output 1 (pH_dry_soil): R^2 Score = 0.694, MSE = 0.380
Output 2 (available_P): R^2 Score = 0.811, MSE = 378.923
Output 3 (EC_electric_conductivity): R^2 Score = 0.784, MSE = 0.144
Output 4 (Total_C): R^2 Score = 0.729, MSE = 1.006
Output 5 (Total_N): R^2 Score = 0.609, MSE = 0.070
学習データ数: 1128
検証データ数: 282
テストデータ数: 353
Epoch [1/20], Train Loss: 3.7736, Validation Loss: 1.7340
Epoch [2/20], Train Loss: 1.6851, Validation Loss: 1.5108
Epoch [3/20], Train Loss: 1.3064, Validation Loss: 1.3275
Epoch [4/20], Train Loss: 1.1576, Validation Loss: 1.1995
Epoch [5/20], Train Loss: 1.0485, Validation Loss: 1.1244
Epoch [6/20], Train Loss: 0.9734, Validation Loss: 1.0408
Epoch [7/20], Train Loss: 0.9090, Validation Loss: 1.0125
Epoch [8/20], Train Loss: 0.8844, Validation Loss: 0.9405
Epoch [9/20], Train Loss: 0.8255, Validation Loss: 0.9516
Epoch [10/20], Train Loss: 0.7712, Validation Loss: 0.9007
Epoch [11/20], Train Loss: 0.7328, Validation Loss: 0.9087
Epoch [12/20], Train Loss: 0.6950, Validation Loss: 0.9205
Epoch [13/20], Train Loss: 0.6967, Validation Loss: 0.8809
Epoch [14/20], Train Loss: 0.6488, Validation Loss: 0.8357
Epoch [15/20], Train Loss: 0.5912, Validation Loss: 0.8277
Epoch [16/20], Train Loss: 0.5639, Validation Loss: 0.8381
Epoch [17/20], Train Loss: 0.5306, Validation Loss: 0.8171
Epoch [18/20], Train Loss: 0.5020, Validation Loss: 0.8154
Epoch [19/20], Train Loss: 0.4762, Validation Loss: 0.8184
Epoch [20/20], Train Loss: 0.4577, Validation Loss: 0.8114
CSVファイルを作成中...
CSVファイルを 'result_DRA/['pH_dry_soil', 'available_P', 'EC_electric_conductivity', 'Total_C', 'Total_N']/fold3/MT_SUM/feature_train/shared_features_and_predictions.csv' に保存しました。
ヒストグラムを次元ごとに作成中...
ヒストグラムを 'result_DRA/['pH_dry_soil', 'available_P', 'EC_electric_conductivity', 'Total_C', 'Total_N']/fold3/MT_SUM/feature_train/histograms' ディレクトリに保存しました。
CSVファイルを作成中...
CSVファイルを 'result_DRA/['pH_dry_soil', 'available_P', 'EC_electric_conductivity', 'Total_C', 'Total_N']/fold3/MT_SUM/feature_test/shared_features_and_predictions.csv' に保存しました。
ヒストグラムを次元ごとに作成中...
ヒストグラムを 'result_DRA/['pH_dry_soil', 'available_P', 'EC_electric_conductivity', 'Total_C', 'Total_N']/fold3/MT_SUM/feature_test/histograms' ディレクトリに保存しました。
Output 1 (pH_dry_soil): R^2 Score = 0.718, MSE = 0.351
Output 2 (available_P): R^2 Score = 0.814, MSE = 383.533
Output 3 (EC_electric_conductivity): R^2 Score = 0.806, MSE = 0.145
Output 4 (Total_C): R^2 Score = 0.729, MSE = 0.978
Output 5 (Total_N): R^2 Score = 0.587, MSE = 0.075
torch.Size([1128, 1597])
学習データ数: 1128
検証データ数: 282
テストデータ数: 353
Epoch [1/20], Train Loss: 0.9893, Validation Loss: 0.3722
Epoch [2/20], Train Loss: 0.3097, Validation Loss: 0.3382
Epoch [3/20], Train Loss: 0.2692, Validation Loss: 0.2698
Epoch [4/20], Train Loss: 0.2298, Validation Loss: 0.2747
Epoch [5/20], Train Loss: 0.1929, Validation Loss: 0.2510
Epoch [6/20], Train Loss: 0.1819, Validation Loss: 0.2531
Epoch [7/20], Train Loss: 0.1782, Validation Loss: 0.2381
Epoch [8/20], Train Loss: 0.1554, Validation Loss: 0.2329
Epoch [9/20], Train Loss: 0.1481, Validation Loss: 0.2407
Epoch [10/20], Train Loss: 0.1392, Validation Loss: 0.2435
Epoch [11/20], Train Loss: 0.1303, Validation Loss: 0.2443
Epoch [12/20], Train Loss: 0.1305, Validation Loss: 0.2329
Epoch [13/20], Train Loss: 0.1260, Validation Loss: 0.2337
Epoch [14/20], Train Loss: 0.1178, Validation Loss: 0.2404
Epoch [15/20], Train Loss: 0.1080, Validation Loss: 0.2344
Epoch [16/20], Train Loss: 0.0987, Validation Loss: 0.2263
Epoch [17/20], Train Loss: 0.0974, Validation Loss: 0.2247
Epoch [18/20], Train Loss: 0.0857, Validation Loss: 0.2437
Epoch [19/20], Train Loss: 0.0821, Validation Loss: 0.2338
Epoch [20/20], Train Loss: 0.0731, Validation Loss: 0.2424
CSVファイルを作成中...
CSVファイルを 'result_DRA/['pH_dry_soil', 'available_P', 'EC_electric_conductivity', 'Total_C', 'Total_N']/fold3/ST/feature_train/shared_features_and_predictions.csv' に保存しました。
ヒストグラムを次元ごとに作成中...
ヒストグラムを 'result_DRA/['pH_dry_soil', 'available_P', 'EC_electric_conductivity', 'Total_C', 'Total_N']/fold3/ST/feature_train/histograms' ディレクトリに保存しました。
CSVファイルを作成中...
CSVファイルを 'result_DRA/['pH_dry_soil', 'available_P', 'EC_electric_conductivity', 'Total_C', 'Total_N']/fold3/ST/feature_test/shared_features_and_predictions.csv' に保存しました。
ヒストグラムを次元ごとに作成中...
ヒストグラムを 'result_DRA/['pH_dry_soil', 'available_P', 'EC_electric_conductivity', 'Total_C', 'Total_N']/fold3/ST/feature_test/histograms' ディレクトリに保存しました。
Output 1 (pH_dry_soil): R^2 Score = 0.699, MSE = 0.369
(353, 1)
(353, 1597)
['fold3']
RF：
決定係数：0.7590829058703622
MAE：0.3326407220639998
['fold3']
XGB：
決定係数：0.7110826903389673
MAE：0.35289397835731506
torch.Size([1128, 1597])
学習データ数: 1128
検証データ数: 282
テストデータ数: 353
Epoch [1/20], Train Loss: 1.7279, Validation Loss: 0.3439
Epoch [2/20], Train Loss: 0.3720, Validation Loss: 0.2645
Epoch [3/20], Train Loss: 0.2927, Validation Loss: 0.2444
Epoch [4/20], Train Loss: 0.2558, Validation Loss: 0.2287
Epoch [5/20], Train Loss: 0.2548, Validation Loss: 0.2491
Epoch [6/20], Train Loss: 0.2181, Validation Loss: 0.1885
Epoch [7/20], Train Loss: 0.1858, Validation Loss: 0.1766
Epoch [8/20], Train Loss: 0.1849, Validation Loss: 0.1733
Epoch [9/20], Train Loss: 0.1893, Validation Loss: 0.1590
Epoch [10/20], Train Loss: 0.1690, Validation Loss: 0.1568
Epoch [11/20], Train Loss: 0.1468, Validation Loss: 0.1479
Epoch [12/20], Train Loss: 0.1365, Validation Loss: 0.1465
Epoch [13/20], Train Loss: 0.1268, Validation Loss: 0.1379
Epoch [14/20], Train Loss: 0.1111, Validation Loss: 0.1369
Epoch [15/20], Train Loss: 0.1004, Validation Loss: 0.1372
Epoch [16/20], Train Loss: 0.0946, Validation Loss: 0.1338
Epoch [17/20], Train Loss: 0.0873, Validation Loss: 0.1396
Epoch [18/20], Train Loss: 0.0882, Validation Loss: 0.1264
Epoch [19/20], Train Loss: 0.0782, Validation Loss: 0.1346
Epoch [20/20], Train Loss: 0.0704, Validation Loss: 0.1265
CSVファイルを作成中...
CSVファイルを 'result_DRA/['pH_dry_soil', 'available_P', 'EC_electric_conductivity', 'Total_C', 'Total_N']/fold3/ST/feature_train/shared_features_and_predictions.csv' に保存しました。
ヒストグラムを次元ごとに作成中...
ヒストグラムを 'result_DRA/['pH_dry_soil', 'available_P', 'EC_electric_conductivity', 'Total_C', 'Total_N']/fold3/ST/feature_train/histograms' ディレクトリに保存しました。
CSVファイルを作成中...
CSVファイルを 'result_DRA/['pH_dry_soil', 'available_P', 'EC_electric_conductivity', 'Total_C', 'Total_N']/fold3/ST/feature_test/shared_features_and_predictions.csv' に保存しました。
ヒストグラムを次元ごとに作成中...
ヒストグラムを 'result_DRA/['pH_dry_soil', 'available_P', 'EC_electric_conductivity', 'Total_C', 'Total_N']/fold3/ST/feature_test/histograms' ディレクトリに保存しました。
Output 1 (available_P): R^2 Score = 0.824, MSE = 351.159
(353, 1)
(353, 1597)
['fold3']
RF：
決定係数：0.8104169608389911
MAE：394.1101585132924
['fold3']
XGB：
決定係数：0.7753366589174782
MAE：381.52105712890625
torch.Size([1128, 1597])
学習データ数: 1128
検証データ数: 282
テストデータ数: 353
Epoch [1/20], Train Loss: 1.5703, Validation Loss: 0.2069
Epoch [2/20], Train Loss: 0.2100, Validation Loss: 0.1586
Epoch [3/20], Train Loss: 0.1892, Validation Loss: 0.1486
Epoch [4/20], Train Loss: 0.1844, Validation Loss: 0.1479
Epoch [5/20], Train Loss: 0.1640, Validation Loss: 0.1535
Epoch [6/20], Train Loss: 0.1662, Validation Loss: 0.1598
Epoch [7/20], Train Loss: 0.1459, Validation Loss: 0.1407
Epoch [8/20], Train Loss: 0.1551, Validation Loss: 0.1372
Epoch [9/20], Train Loss: 0.1319, Validation Loss: 0.1367
Epoch [10/20], Train Loss: 0.1351, Validation Loss: 0.1590
Epoch [11/20], Train Loss: 0.1265, Validation Loss: 0.1604
Epoch [12/20], Train Loss: 0.1207, Validation Loss: 0.1324
Epoch [13/20], Train Loss: 0.1078, Validation Loss: 0.1279
Epoch [14/20], Train Loss: 0.0980, Validation Loss: 0.1310
Epoch [15/20], Train Loss: 0.0926, Validation Loss: 0.1297
Epoch [16/20], Train Loss: 0.1057, Validation Loss: 0.1200
Epoch [17/20], Train Loss: 0.0836, Validation Loss: 0.1262
Epoch [18/20], Train Loss: 0.0911, Validation Loss: 0.1188
Epoch [19/20], Train Loss: 0.0810, Validation Loss: 0.1214
Epoch [20/20], Train Loss: 0.0664, Validation Loss: 0.1185
CSVファイルを作成中...
CSVファイルを 'result_DRA/['pH_dry_soil', 'available_P', 'EC_electric_conductivity', 'Total_C', 'Total_N']/fold3/ST/feature_train/shared_features_and_predictions.csv' に保存しました。
ヒストグラムを次元ごとに作成中...
ヒストグラムを 'result_DRA/['pH_dry_soil', 'available_P', 'EC_electric_conductivity', 'Total_C', 'Total_N']/fold3/ST/feature_train/histograms' ディレクトリに保存しました。
CSVファイルを作成中...
CSVファイルを 'result_DRA/['pH_dry_soil', 'available_P', 'EC_electric_conductivity', 'Total_C', 'Total_N']/fold3/ST/feature_test/shared_features_and_predictions.csv' に保存しました。
ヒストグラムを次元ごとに作成中...
ヒストグラムを 'result_DRA/['pH_dry_soil', 'available_P', 'EC_electric_conductivity', 'Total_C', 'Total_N']/fold3/ST/feature_test/histograms' ディレクトリに保存しました。
Output 1 (EC_electric_conductivity): R^2 Score = 0.786, MSE = 0.140
(353, 1)
(353, 1597)
['fold3']
RF：
決定係数：0.7781456431484074
MAE：0.14557874668373677
['fold3']
XGB：
決定係数：0.7475947670463097
MAE：0.14448465406894684
torch.Size([1128, 1597])
学習データ数: 1128
検証データ数: 282
テストデータ数: 353
Epoch [1/20], Train Loss: 1.5505, Validation Loss: 0.5628
Epoch [2/20], Train Loss: 0.4516, Validation Loss: 0.3807
Epoch [3/20], Train Loss: 0.2933, Validation Loss: 0.3354
Epoch [4/20], Train Loss: 0.2512, Validation Loss: 0.2854
Epoch [5/20], Train Loss: 0.2137, Validation Loss: 0.2461
Epoch [6/20], Train Loss: 0.1947, Validation Loss: 0.2231
Epoch [7/20], Train Loss: 0.1845, Validation Loss: 0.2142
Epoch [8/20], Train Loss: 0.1570, Validation Loss: 0.1923
Epoch [9/20], Train Loss: 0.1530, Validation Loss: 0.1860
Epoch [10/20], Train Loss: 0.1579, Validation Loss: 0.1787
Epoch [11/20], Train Loss: 0.1490, Validation Loss: 0.1799
Epoch [12/20], Train Loss: 0.1331, Validation Loss: 0.1811
Epoch [13/20], Train Loss: 0.1358, Validation Loss: 0.2024
Epoch [14/20], Train Loss: 0.1368, Validation Loss: 0.1729
Epoch [15/20], Train Loss: 0.1265, Validation Loss: 0.1661
Epoch [16/20], Train Loss: 0.1135, Validation Loss: 0.1720
Epoch [17/20], Train Loss: 0.1136, Validation Loss: 0.1757
Epoch [18/20], Train Loss: 0.1134, Validation Loss: 0.1806
Epoch [19/20], Train Loss: 0.1195, Validation Loss: 0.1908
Epoch [20/20], Train Loss: 0.1023, Validation Loss: 0.1590
CSVファイルを作成中...
CSVファイルを 'result_DRA/['pH_dry_soil', 'available_P', 'EC_electric_conductivity', 'Total_C', 'Total_N']/fold3/ST/feature_train/shared_features_and_predictions.csv' に保存しました。
ヒストグラムを次元ごとに作成中...
ヒストグラムを 'result_DRA/['pH_dry_soil', 'available_P', 'EC_electric_conductivity', 'Total_C', 'Total_N']/fold3/ST/feature_train/histograms' ディレクトリに保存しました。
CSVファイルを作成中...
CSVファイルを 'result_DRA/['pH_dry_soil', 'available_P', 'EC_electric_conductivity', 'Total_C', 'Total_N']/fold3/ST/feature_test/shared_features_and_predictions.csv' に保存しました。
ヒストグラムを次元ごとに作成中...
ヒストグラムを 'result_DRA/['pH_dry_soil', 'available_P', 'EC_electric_conductivity', 'Total_C', 'Total_N']/fold3/ST/feature_test/histograms' ディレクトリに保存しました。
Output 1 (Total_C): R^2 Score = 0.731, MSE = 1.021
(353, 1)
(353, 1597)
['fold3']
RF：
決定係数：0.7261551983198948
MAE：0.9833193275279212
['fold3']
XGB：
決定係数：0.7582965848922565
MAE：0.9331306219100952
torch.Size([1128, 1597])
学習データ数: 1128
検証データ数: 282
テストデータ数: 353
Epoch [1/20], Train Loss: 1.5998, Validation Loss: 0.3436
Epoch [2/20], Train Loss: 0.3617, Validation Loss: 0.3195
Epoch [3/20], Train Loss: 0.2257, Validation Loss: 0.2443
Epoch [4/20], Train Loss: 0.1944, Validation Loss: 0.2214
Epoch [5/20], Train Loss: 0.1610, Validation Loss: 0.1937
Epoch [6/20], Train Loss: 0.1456, Validation Loss: 0.1873
Epoch [7/20], Train Loss: 0.1355, Validation Loss: 0.1823
Epoch [8/20], Train Loss: 0.1318, Validation Loss: 0.1671
Epoch [9/20], Train Loss: 0.1246, Validation Loss: 0.1701
Epoch [10/20], Train Loss: 0.1152, Validation Loss: 0.1614
Epoch [11/20], Train Loss: 0.1159, Validation Loss: 0.1620
Epoch [12/20], Train Loss: 0.1094, Validation Loss: 0.1631
Epoch [13/20], Train Loss: 0.1076, Validation Loss: 0.1682
Epoch [14/20], Train Loss: 0.1055, Validation Loss: 0.1593
Epoch [15/20], Train Loss: 0.0974, Validation Loss: 0.1583
Epoch [16/20], Train Loss: 0.0948, Validation Loss: 0.1587
Epoch [17/20], Train Loss: 0.0979, Validation Loss: 0.1728
Epoch [18/20], Train Loss: 0.0962, Validation Loss: 0.1637
Epoch [19/20], Train Loss: 0.0986, Validation Loss: 0.1808
Epoch [20/20], Train Loss: 0.0965, Validation Loss: 0.1618
CSVファイルを作成中...
CSVファイルを 'result_DRA/['pH_dry_soil', 'available_P', 'EC_electric_conductivity', 'Total_C', 'Total_N']/fold3/ST/feature_train/shared_features_and_predictions.csv' に保存しました。
ヒストグラムを次元ごとに作成中...
ヒストグラムを 'result_DRA/['pH_dry_soil', 'available_P', 'EC_electric_conductivity', 'Total_C', 'Total_N']/fold3/ST/feature_train/histograms' ディレクトリに保存しました。
CSVファイルを作成中...
CSVファイルを 'result_DRA/['pH_dry_soil', 'available_P', 'EC_electric_conductivity', 'Total_C', 'Total_N']/fold3/ST/feature_test/shared_features_and_predictions.csv' に保存しました。
ヒストグラムを次元ごとに作成中...
ヒストグラムを 'result_DRA/['pH_dry_soil', 'available_P', 'EC_electric_conductivity', 'Total_C', 'Total_N']/fold3/ST/feature_test/histograms' ディレクトリに保存しました。
Output 1 (Total_N): R^2 Score = 0.589, MSE = 0.077
(353, 1)
(353, 1597)
['fold3']
RF：
決定係数：0.5399595533548635
MAE：0.07726543997825006
['fold3']
XGB：
決定係数：0.508651070627216
MAE：0.07815465331077576
特徴選択前：(1128, 1597)
特徴選択後：(1128, 1597)
学習データ数: 1128
検証データ数: 283
テストデータ数: 352
Epoch [1/20], Train Loss: 4.0971, Validation Loss: 1.6892
Epoch [2/20], Train Loss: 1.5891, Validation Loss: 1.4607
Epoch [3/20], Train Loss: 1.2905, Validation Loss: 1.2740
Epoch [4/20], Train Loss: 1.1183, Validation Loss: 1.1788
Epoch [5/20], Train Loss: 1.0116, Validation Loss: 1.1120
Epoch [6/20], Train Loss: 0.9037, Validation Loss: 1.0328
Epoch [7/20], Train Loss: 0.8244, Validation Loss: 0.9861
Epoch [8/20], Train Loss: 0.7444, Validation Loss: 0.9596
Epoch [9/20], Train Loss: 0.6874, Validation Loss: 0.9386
Epoch [10/20], Train Loss: 0.6485, Validation Loss: 0.9251
Epoch [11/20], Train Loss: 0.6324, Validation Loss: 0.9451
Epoch [12/20], Train Loss: 0.5953, Validation Loss: 0.9472
Epoch [13/20], Train Loss: 0.5673, Validation Loss: 0.9448
Epoch [14/20], Train Loss: 0.5490, Validation Loss: 0.9346
Epoch [15/20], Train Loss: 0.5351, Validation Loss: 0.9753
Epoch [16/20], Train Loss: 0.5179, Validation Loss: 0.9644
Epoch [17/20], Train Loss: 0.4666, Validation Loss: 0.9370
Epoch [18/20], Train Loss: 0.4308, Validation Loss: 0.9509
Epoch [19/20], Train Loss: 0.4244, Validation Loss: 0.9577
Epoch [20/20], Train Loss: 0.4007, Validation Loss: 0.9383
CSVファイルを作成中...
CSVファイルを 'result_DRA/['pH_dry_soil', 'available_P', 'EC_electric_conductivity', 'Total_C', 'Total_N']/fold4/MT/feature_train/shared_features_and_predictions.csv' に保存しました。
ヒストグラムを次元ごとに作成中...
ヒストグラムを 'result_DRA/['pH_dry_soil', 'available_P', 'EC_electric_conductivity', 'Total_C', 'Total_N']/fold4/MT/feature_train/histograms' ディレクトリに保存しました。
CSVファイルを作成中...
CSVファイルを 'result_DRA/['pH_dry_soil', 'available_P', 'EC_electric_conductivity', 'Total_C', 'Total_N']/fold4/MT/feature_test/shared_features_and_predictions.csv' に保存しました。
ヒストグラムを次元ごとに作成中...
ヒストグラムを 'result_DRA/['pH_dry_soil', 'available_P', 'EC_electric_conductivity', 'Total_C', 'Total_N']/fold4/MT/feature_test/histograms' ディレクトリに保存しました。
Output 1 (pH_dry_soil): R^2 Score = 0.656, MSE = 0.375
Output 2 (available_P): R^2 Score = 0.748, MSE = 337.356
Output 3 (EC_electric_conductivity): R^2 Score = 0.734, MSE = 0.155
Output 4 (Total_C): R^2 Score = 0.760, MSE = 0.994
Output 5 (Total_N): R^2 Score = 0.733, MSE = 0.070
学習データ数: 1128
検証データ数: 283
テストデータ数: 352
Epoch [1/20], Train Loss: 4.0085, Validation Loss: 1.6617
Epoch [2/20], Train Loss: 1.5247, Validation Loss: 1.3409
Epoch [3/20], Train Loss: 1.2206, Validation Loss: 1.2335
Epoch [4/20], Train Loss: 1.0658, Validation Loss: 1.1158
Epoch [5/20], Train Loss: 0.9366, Validation Loss: 1.0270
Epoch [6/20], Train Loss: 0.8411, Validation Loss: 1.0175
Epoch [7/20], Train Loss: 0.7815, Validation Loss: 0.9845
Epoch [8/20], Train Loss: 0.7110, Validation Loss: 0.9576
Epoch [9/20], Train Loss: 0.6733, Validation Loss: 0.9553
Epoch [10/20], Train Loss: 0.6307, Validation Loss: 0.9569
Epoch [11/20], Train Loss: 0.5828, Validation Loss: 0.9266
Epoch [12/20], Train Loss: 0.5620, Validation Loss: 0.9328
Epoch [13/20], Train Loss: 0.5170, Validation Loss: 0.9388
Epoch [14/20], Train Loss: 0.4984, Validation Loss: 0.9145
Epoch [15/20], Train Loss: 0.4749, Validation Loss: 0.9383
Epoch [16/20], Train Loss: 0.4453, Validation Loss: 0.9344
Epoch [17/20], Train Loss: 0.4133, Validation Loss: 0.9397
Epoch [18/20], Train Loss: 0.3746, Validation Loss: 0.9499
Epoch [19/20], Train Loss: 0.3622, Validation Loss: 0.9693
Epoch [20/20], Train Loss: 0.3439, Validation Loss: 0.9932
CSVファイルを作成中...
CSVファイルを 'result_DRA/['pH_dry_soil', 'available_P', 'EC_electric_conductivity', 'Total_C', 'Total_N']/fold4/MT_SUM/feature_train/shared_features_and_predictions.csv' に保存しました。
ヒストグラムを次元ごとに作成中...
ヒストグラムを 'result_DRA/['pH_dry_soil', 'available_P', 'EC_electric_conductivity', 'Total_C', 'Total_N']/fold4/MT_SUM/feature_train/histograms' ディレクトリに保存しました。
CSVファイルを作成中...
CSVファイルを 'result_DRA/['pH_dry_soil', 'available_P', 'EC_electric_conductivity', 'Total_C', 'Total_N']/fold4/MT_SUM/feature_test/shared_features_and_predictions.csv' に保存しました。
ヒストグラムを次元ごとに作成中...
ヒストグラムを 'result_DRA/['pH_dry_soil', 'available_P', 'EC_electric_conductivity', 'Total_C', 'Total_N']/fold4/MT_SUM/feature_test/histograms' ディレクトリに保存しました。
Output 1 (pH_dry_soil): R^2 Score = 0.669, MSE = 0.379
Output 2 (available_P): R^2 Score = 0.748, MSE = 359.158
Output 3 (EC_electric_conductivity): R^2 Score = 0.742, MSE = 0.159
Output 4 (Total_C): R^2 Score = 0.765, MSE = 0.956
Output 5 (Total_N): R^2 Score = 0.751, MSE = 0.070
torch.Size([1128, 1597])
学習データ数: 1128
検証データ数: 283
テストデータ数: 352
Epoch [1/20], Train Loss: 0.8047, Validation Loss: 0.3081
Epoch [2/20], Train Loss: 0.2856, Validation Loss: 0.2303
Epoch [3/20], Train Loss: 0.2297, Validation Loss: 0.2322
Epoch [4/20], Train Loss: 0.2014, Validation Loss: 0.2129
Epoch [5/20], Train Loss: 0.1816, Validation Loss: 0.2156
Epoch [6/20], Train Loss: 0.1722, Validation Loss: 0.2126
Epoch [7/20], Train Loss: 0.1626, Validation Loss: 0.2360
Epoch [8/20], Train Loss: 0.1567, Validation Loss: 0.2264
Epoch [9/20], Train Loss: 0.1455, Validation Loss: 0.2191
Epoch [10/20], Train Loss: 0.1332, Validation Loss: 0.2526
Epoch [11/20], Train Loss: 0.1453, Validation Loss: 0.2815
Epoch [12/20], Train Loss: 0.1378, Validation Loss: 0.2241
Epoch [13/20], Train Loss: 0.1326, Validation Loss: 0.2532
Epoch [14/20], Train Loss: 0.1110, Validation Loss: 0.2341
Epoch [15/20], Train Loss: 0.1049, Validation Loss: 0.2316
Epoch [16/20], Train Loss: 0.1081, Validation Loss: 0.2515
Epoch [17/20], Train Loss: 0.0957, Validation Loss: 0.2362
Epoch [18/20], Train Loss: 0.0954, Validation Loss: 0.2367
Epoch [19/20], Train Loss: 0.0979, Validation Loss: 0.2405
Epoch [20/20], Train Loss: 0.0959, Validation Loss: 0.2380
CSVファイルを作成中...
CSVファイルを 'result_DRA/['pH_dry_soil', 'available_P', 'EC_electric_conductivity', 'Total_C', 'Total_N']/fold4/ST/feature_train/shared_features_and_predictions.csv' に保存しました。
ヒストグラムを次元ごとに作成中...
ヒストグラムを 'result_DRA/['pH_dry_soil', 'available_P', 'EC_electric_conductivity', 'Total_C', 'Total_N']/fold4/ST/feature_train/histograms' ディレクトリに保存しました。
CSVファイルを作成中...
CSVファイルを 'result_DRA/['pH_dry_soil', 'available_P', 'EC_electric_conductivity', 'Total_C', 'Total_N']/fold4/ST/feature_test/shared_features_and_predictions.csv' に保存しました。
ヒストグラムを次元ごとに作成中...
ヒストグラムを 'result_DRA/['pH_dry_soil', 'available_P', 'EC_electric_conductivity', 'Total_C', 'Total_N']/fold4/ST/feature_test/histograms' ディレクトリに保存しました。
Output 1 (pH_dry_soil): R^2 Score = 0.651, MSE = 0.383
(352, 1)
(352, 1597)
['fold4']
RF：
決定係数：0.7032120383253115
MAE：0.3329540455040169
['fold4']
XGB：
決定係数：0.7059642716338463
MAE：0.3468528091907501
torch.Size([1128, 1597])
学習データ数: 1128
検証データ数: 283
テストデータ数: 352
Epoch [1/20], Train Loss: 2.0333, Validation Loss: 0.4690
Epoch [2/20], Train Loss: 0.4672, Validation Loss: 0.3712
Epoch [3/20], Train Loss: 0.3328, Validation Loss: 0.3446
Epoch [4/20], Train Loss: 0.2961, Validation Loss: 0.2827
Epoch [5/20], Train Loss: 0.2613, Validation Loss: 0.2502
Epoch [6/20], Train Loss: 0.2412, Validation Loss: 0.2147
Epoch [7/20], Train Loss: 0.2168, Validation Loss: 0.1986
Epoch [8/20], Train Loss: 0.2018, Validation Loss: 0.1890
Epoch [9/20], Train Loss: 0.1889, Validation Loss: 0.1780
Epoch [10/20], Train Loss: 0.1746, Validation Loss: 0.1523
Epoch [11/20], Train Loss: 0.1542, Validation Loss: 0.1438
Epoch [12/20], Train Loss: 0.1369, Validation Loss: 0.1415
Epoch [13/20], Train Loss: 0.1280, Validation Loss: 0.1493
Epoch [14/20], Train Loss: 0.1228, Validation Loss: 0.1384
Epoch [15/20], Train Loss: 0.1218, Validation Loss: 0.1379
Epoch [16/20], Train Loss: 0.1106, Validation Loss: 0.1310
Epoch [17/20], Train Loss: 0.1078, Validation Loss: 0.1337
Epoch [18/20], Train Loss: 0.1046, Validation Loss: 0.1428
Epoch [19/20], Train Loss: 0.0837, Validation Loss: 0.1347
Epoch [20/20], Train Loss: 0.0795, Validation Loss: 0.1380
CSVファイルを作成中...
CSVファイルを 'result_DRA/['pH_dry_soil', 'available_P', 'EC_electric_conductivity', 'Total_C', 'Total_N']/fold4/ST/feature_train/shared_features_and_predictions.csv' に保存しました。
ヒストグラムを次元ごとに作成中...
ヒストグラムを 'result_DRA/['pH_dry_soil', 'available_P', 'EC_electric_conductivity', 'Total_C', 'Total_N']/fold4/ST/feature_train/histograms' ディレクトリに保存しました。
CSVファイルを作成中...
CSVファイルを 'result_DRA/['pH_dry_soil', 'available_P', 'EC_electric_conductivity', 'Total_C', 'Total_N']/fold4/ST/feature_test/shared_features_and_predictions.csv' に保存しました。
ヒストグラムを次元ごとに作成中...
ヒストグラムを 'result_DRA/['pH_dry_soil', 'available_P', 'EC_electric_conductivity', 'Total_C', 'Total_N']/fold4/ST/feature_test/histograms' ディレクトリに保存しました。
Output 1 (available_P): R^2 Score = 0.747, MSE = 381.648
(352, 1)
(352, 1597)
['fold4']
RF：
決定係数：0.7331344679809221
MAE：366.9159253727111
['fold4']
XGB：
決定係数：0.7113628063396767
MAE：373.1252136230469
torch.Size([1128, 1597])
学習データ数: 1128
検証データ数: 283
テストデータ数: 352
Epoch [1/20], Train Loss: 1.8892, Validation Loss: 0.2888
Epoch [2/20], Train Loss: 0.2747, Validation Loss: 0.1623
Epoch [3/20], Train Loss: 0.2021, Validation Loss: 0.1465
Epoch [4/20], Train Loss: 0.1874, Validation Loss: 0.1602
Epoch [5/20], Train Loss: 0.1756, Validation Loss: 0.1504
Epoch [6/20], Train Loss: 0.1716, Validation Loss: 0.1673
Epoch [7/20], Train Loss: 0.1714, Validation Loss: 0.1591
Epoch [8/20], Train Loss: 0.1561, Validation Loss: 0.1507
Epoch [9/20], Train Loss: 0.1546, Validation Loss: 0.1388
Epoch [10/20], Train Loss: 0.1404, Validation Loss: 0.1390
Epoch [11/20], Train Loss: 0.1310, Validation Loss: 0.1423
Epoch [12/20], Train Loss: 0.1279, Validation Loss: 0.1293
Epoch [13/20], Train Loss: 0.1143, Validation Loss: 0.1266
Epoch [14/20], Train Loss: 0.1136, Validation Loss: 0.1355
Epoch [15/20], Train Loss: 0.1100, Validation Loss: 0.1349
Epoch [16/20], Train Loss: 0.1021, Validation Loss: 0.1344
Epoch [17/20], Train Loss: 0.0918, Validation Loss: 0.1309
Epoch [18/20], Train Loss: 0.0912, Validation Loss: 0.1332
Epoch [19/20], Train Loss: 0.0829, Validation Loss: 0.1333
Epoch [20/20], Train Loss: 0.0822, Validation Loss: 0.1314
CSVファイルを作成中...
CSVファイルを 'result_DRA/['pH_dry_soil', 'available_P', 'EC_electric_conductivity', 'Total_C', 'Total_N']/fold4/ST/feature_train/shared_features_and_predictions.csv' に保存しました。
ヒストグラムを次元ごとに作成中...
ヒストグラムを 'result_DRA/['pH_dry_soil', 'available_P', 'EC_electric_conductivity', 'Total_C', 'Total_N']/fold4/ST/feature_train/histograms' ディレクトリに保存しました。
CSVファイルを作成中...
CSVファイルを 'result_DRA/['pH_dry_soil', 'available_P', 'EC_electric_conductivity', 'Total_C', 'Total_N']/fold4/ST/feature_test/shared_features_and_predictions.csv' に保存しました。
ヒストグラムを次元ごとに作成中...
ヒストグラムを 'result_DRA/['pH_dry_soil', 'available_P', 'EC_electric_conductivity', 'Total_C', 'Total_N']/fold4/ST/feature_test/histograms' ディレクトリに保存しました。
Output 1 (EC_electric_conductivity): R^2 Score = 0.756, MSE = 0.150
(352, 1)
(352, 1597)
['fold4']
RF：
決定係数：0.7261717479849594
MAE：0.15463244001324938
['fold4']
XGB：
決定係数：0.6619600230565256
MAE：0.16812051832675934
torch.Size([1128, 1597])
学習データ数: 1128
検証データ数: 283
テストデータ数: 352
Epoch [1/20], Train Loss: 1.0542, Validation Loss: 0.4377
Epoch [2/20], Train Loss: 0.4182, Validation Loss: 0.3254
Epoch [3/20], Train Loss: 0.2923, Validation Loss: 0.3006
Epoch [4/20], Train Loss: 0.2318, Validation Loss: 0.2589
Epoch [5/20], Train Loss: 0.2001, Validation Loss: 0.2280
Epoch [6/20], Train Loss: 0.1833, Validation Loss: 0.2161
Epoch [7/20], Train Loss: 0.1652, Validation Loss: 0.2069
Epoch [8/20], Train Loss: 0.1704, Validation Loss: 0.2047
Epoch [9/20], Train Loss: 0.1540, Validation Loss: 0.2028
Epoch [10/20], Train Loss: 0.1341, Validation Loss: 0.1995
Epoch [11/20], Train Loss: 0.1331, Validation Loss: 0.1952
Epoch [12/20], Train Loss: 0.1291, Validation Loss: 0.2280
Epoch [13/20], Train Loss: 0.1230, Validation Loss: 0.2006
Epoch [14/20], Train Loss: 0.1097, Validation Loss: 0.1962
Epoch [15/20], Train Loss: 0.1034, Validation Loss: 0.1910
Epoch [16/20], Train Loss: 0.0953, Validation Loss: 0.1955
Epoch [17/20], Train Loss: 0.0918, Validation Loss: 0.1933
Epoch [18/20], Train Loss: 0.0925, Validation Loss: 0.1967
Epoch [19/20], Train Loss: 0.0823, Validation Loss: 0.2011
Epoch [20/20], Train Loss: 0.0871, Validation Loss: 0.1938
CSVファイルを作成中...
CSVファイルを 'result_DRA/['pH_dry_soil', 'available_P', 'EC_electric_conductivity', 'Total_C', 'Total_N']/fold4/ST/feature_train/shared_features_and_predictions.csv' に保存しました。
ヒストグラムを次元ごとに作成中...
ヒストグラムを 'result_DRA/['pH_dry_soil', 'available_P', 'EC_electric_conductivity', 'Total_C', 'Total_N']/fold4/ST/feature_train/histograms' ディレクトリに保存しました。
CSVファイルを作成中...
CSVファイルを 'result_DRA/['pH_dry_soil', 'available_P', 'EC_electric_conductivity', 'Total_C', 'Total_N']/fold4/ST/feature_test/shared_features_and_predictions.csv' に保存しました。
ヒストグラムを次元ごとに作成中...
ヒストグラムを 'result_DRA/['pH_dry_soil', 'available_P', 'EC_electric_conductivity', 'Total_C', 'Total_N']/fold4/ST/feature_test/histograms' ディレクトリに保存しました。
Output 1 (Total_C): R^2 Score = 0.751, MSE = 0.995
(352, 1)
(352, 1597)
['fold4']
RF：
決定係数：0.762299626744123
MAE：0.9588134499788222
['fold4']
XGB：
決定係数：0.741719183194907
MAE：0.9956467151641846
torch.Size([1128, 1597])
学習データ数: 1128
検証データ数: 283
テストデータ数: 352
Epoch [1/20], Train Loss: 0.8341, Validation Loss: 0.3429
Epoch [2/20], Train Loss: 0.2345, Validation Loss: 0.3015
Epoch [3/20], Train Loss: 0.1857, Validation Loss: 0.2766
Epoch [4/20], Train Loss: 0.1544, Validation Loss: 0.2689
Epoch [5/20], Train Loss: 0.1469, Validation Loss: 0.2636
Epoch [6/20], Train Loss: 0.1394, Validation Loss: 0.2845
Epoch [7/20], Train Loss: 0.1487, Validation Loss: 0.2613
Epoch [8/20], Train Loss: 0.1193, Validation Loss: 0.2470
Epoch [9/20], Train Loss: 0.1053, Validation Loss: 0.2471
Epoch [10/20], Train Loss: 0.0980, Validation Loss: 0.2457
Epoch [11/20], Train Loss: 0.0991, Validation Loss: 0.2422
Epoch [12/20], Train Loss: 0.0901, Validation Loss: 0.2428
Epoch [13/20], Train Loss: 0.0862, Validation Loss: 0.2449
Epoch [14/20], Train Loss: 0.0913, Validation Loss: 0.2418
Epoch [15/20], Train Loss: 0.0809, Validation Loss: 0.2494
Epoch [16/20], Train Loss: 0.0778, Validation Loss: 0.2447
Epoch [17/20], Train Loss: 0.0794, Validation Loss: 0.2591
Epoch [18/20], Train Loss: 0.0776, Validation Loss: 0.2537
Epoch [19/20], Train Loss: 0.0781, Validation Loss: 0.2442
Epoch [20/20], Train Loss: 0.0812, Validation Loss: 0.2505
CSVファイルを作成中...
CSVファイルを 'result_DRA/['pH_dry_soil', 'available_P', 'EC_electric_conductivity', 'Total_C', 'Total_N']/fold4/ST/feature_train/shared_features_and_predictions.csv' に保存しました。
ヒストグラムを次元ごとに作成中...
ヒストグラムを 'result_DRA/['pH_dry_soil', 'available_P', 'EC_electric_conductivity', 'Total_C', 'Total_N']/fold4/ST/feature_train/histograms' ディレクトリに保存しました。
CSVファイルを作成中...
CSVファイルを 'result_DRA/['pH_dry_soil', 'available_P', 'EC_electric_conductivity', 'Total_C', 'Total_N']/fold4/ST/feature_test/shared_features_and_predictions.csv' に保存しました。
ヒストグラムを次元ごとに作成中...
ヒストグラムを 'result_DRA/['pH_dry_soil', 'available_P', 'EC_electric_conductivity', 'Total_C', 'Total_N']/fold4/ST/feature_test/histograms' ディレクトリに保存しました。
Output 1 (Total_N): R^2 Score = 0.739, MSE = 0.076
(352, 1)
(352, 1597)
['fold4']
RF：
決定係数：0.5935515449093296
MAE：0.07629861696973132
['fold4']
XGB：
決定係数：0.5947450396581453
MAE：0.0780429095029831
特徴選択前：(1128, 1597)
特徴選択後：(1128, 1597)
学習データ数: 1128
検証データ数: 283
テストデータ数: 352
Epoch [1/20], Train Loss: 3.9540, Validation Loss: 1.9046
Epoch [2/20], Train Loss: 1.6678, Validation Loss: 1.7075
Epoch [3/20], Train Loss: 1.3509, Validation Loss: 1.6420
Epoch [4/20], Train Loss: 1.1723, Validation Loss: 1.4624
Epoch [5/20], Train Loss: 1.0482, Validation Loss: 1.4019
Epoch [6/20], Train Loss: 0.9366, Validation Loss: 1.3418
Epoch [7/20], Train Loss: 0.8560, Validation Loss: 1.2842
Epoch [8/20], Train Loss: 0.7674, Validation Loss: 1.2698
Epoch [9/20], Train Loss: 0.7407, Validation Loss: 1.2400
Epoch [10/20], Train Loss: 0.6792, Validation Loss: 1.2093
Epoch [11/20], Train Loss: 0.6344, Validation Loss: 1.2084
Epoch [12/20], Train Loss: 0.6011, Validation Loss: 1.2360
Epoch [13/20], Train Loss: 0.5761, Validation Loss: 1.2041
Epoch [14/20], Train Loss: 0.5606, Validation Loss: 1.2112
Epoch [15/20], Train Loss: 0.5264, Validation Loss: 1.2106
Epoch [16/20], Train Loss: 0.5046, Validation Loss: 1.2523
Epoch [17/20], Train Loss: 0.5184, Validation Loss: 1.2180
Epoch [18/20], Train Loss: 0.4779, Validation Loss: 1.2617
Epoch [19/20], Train Loss: 0.4967, Validation Loss: 1.2355
Epoch [20/20], Train Loss: 0.4226, Validation Loss: 1.2139
CSVファイルを作成中...
CSVファイルを 'result_DRA/['pH_dry_soil', 'available_P', 'EC_electric_conductivity', 'Total_C', 'Total_N']/fold5/MT/feature_train/shared_features_and_predictions.csv' に保存しました。
ヒストグラムを次元ごとに作成中...
ヒストグラムを 'result_DRA/['pH_dry_soil', 'available_P', 'EC_electric_conductivity', 'Total_C', 'Total_N']/fold5/MT/feature_train/histograms' ディレクトリに保存しました。
CSVファイルを作成中...
CSVファイルを 'result_DRA/['pH_dry_soil', 'available_P', 'EC_electric_conductivity', 'Total_C', 'Total_N']/fold5/MT/feature_test/shared_features_and_predictions.csv' に保存しました。
ヒストグラムを次元ごとに作成中...
ヒストグラムを 'result_DRA/['pH_dry_soil', 'available_P', 'EC_electric_conductivity', 'Total_C', 'Total_N']/fold5/MT/feature_test/histograms' ディレクトリに保存しました。
Output 1 (pH_dry_soil): R^2 Score = 0.713, MSE = 0.373
Output 2 (available_P): R^2 Score = 0.755, MSE = 469.517
Output 3 (EC_electric_conductivity): R^2 Score = 0.767, MSE = 0.160
Output 4 (Total_C): R^2 Score = 0.773, MSE = 0.946
Output 5 (Total_N): R^2 Score = 0.623, MSE = 0.068
学習データ数: 1128
検証データ数: 283
テストデータ数: 352
Epoch [1/20], Train Loss: 3.2421, Validation Loss: 1.8631
Epoch [2/20], Train Loss: 1.5454, Validation Loss: 1.5988
Epoch [3/20], Train Loss: 1.1984, Validation Loss: 1.4898
Epoch [4/20], Train Loss: 1.0610, Validation Loss: 1.4108
Epoch [5/20], Train Loss: 0.9264, Validation Loss: 1.3607
Epoch [6/20], Train Loss: 0.8662, Validation Loss: 1.3472
Epoch [7/20], Train Loss: 0.8079, Validation Loss: 1.3152
Epoch [8/20], Train Loss: 0.7988, Validation Loss: 1.3292
Epoch [9/20], Train Loss: 0.7360, Validation Loss: 1.2847
Epoch [10/20], Train Loss: 0.6862, Validation Loss: 1.2476
Epoch [11/20], Train Loss: 0.6776, Validation Loss: 1.2144
Epoch [12/20], Train Loss: 0.6268, Validation Loss: 1.2272
Epoch [13/20], Train Loss: 0.5775, Validation Loss: 1.2365
Epoch [14/20], Train Loss: 0.5429, Validation Loss: 1.2096
Epoch [15/20], Train Loss: 0.5204, Validation Loss: 1.2423
Epoch [16/20], Train Loss: 0.5095, Validation Loss: 1.2194
Epoch [17/20], Train Loss: 0.4613, Validation Loss: 1.2129
Epoch [18/20], Train Loss: 0.4352, Validation Loss: 1.2445
Epoch [19/20], Train Loss: 0.4300, Validation Loss: 1.2265
Epoch [20/20], Train Loss: 0.4143, Validation Loss: 1.2191
CSVファイルを作成中...
CSVファイルを 'result_DRA/['pH_dry_soil', 'available_P', 'EC_electric_conductivity', 'Total_C', 'Total_N']/fold5/MT_SUM/feature_train/shared_features_and_predictions.csv' に保存しました。
ヒストグラムを次元ごとに作成中...
ヒストグラムを 'result_DRA/['pH_dry_soil', 'available_P', 'EC_electric_conductivity', 'Total_C', 'Total_N']/fold5/MT_SUM/feature_train/histograms' ディレクトリに保存しました。
CSVファイルを作成中...
CSVファイルを 'result_DRA/['pH_dry_soil', 'available_P', 'EC_electric_conductivity', 'Total_C', 'Total_N']/fold5/MT_SUM/feature_test/shared_features_and_predictions.csv' に保存しました。
ヒストグラムを次元ごとに作成中...
ヒストグラムを 'result_DRA/['pH_dry_soil', 'available_P', 'EC_electric_conductivity', 'Total_C', 'Total_N']/fold5/MT_SUM/feature_test/histograms' ディレクトリに保存しました。
Output 1 (pH_dry_soil): R^2 Score = 0.708, MSE = 0.375
Output 2 (available_P): R^2 Score = 0.740, MSE = 476.019
Output 3 (EC_electric_conductivity): R^2 Score = 0.764, MSE = 0.159
Output 4 (Total_C): R^2 Score = 0.766, MSE = 0.973
Output 5 (Total_N): R^2 Score = 0.622, MSE = 0.075
torch.Size([1128, 1597])
学習データ数: 1128
検証データ数: 283
テストデータ数: 352
Epoch [1/20], Train Loss: 2.1848, Validation Loss: 0.4973
Epoch [2/20], Train Loss: 0.5584, Validation Loss: 0.3914
Epoch [3/20], Train Loss: 0.3758, Validation Loss: 0.3100
Epoch [4/20], Train Loss: 0.2978, Validation Loss: 0.2809
Epoch [5/20], Train Loss: 0.2552, Validation Loss: 0.2659
Epoch [6/20], Train Loss: 0.2187, Validation Loss: 0.2606
Epoch [7/20], Train Loss: 0.2051, Validation Loss: 0.2490
Epoch [8/20], Train Loss: 0.1964, Validation Loss: 0.2469
Epoch [9/20], Train Loss: 0.1835, Validation Loss: 0.2587
Epoch [10/20], Train Loss: 0.1811, Validation Loss: 0.2637
Epoch [11/20], Train Loss: 0.1883, Validation Loss: 0.2575
Epoch [12/20], Train Loss: 0.1938, Validation Loss: 0.2392
Epoch [13/20], Train Loss: 0.1645, Validation Loss: 0.2431
Epoch [14/20], Train Loss: 0.1646, Validation Loss: 0.2505
Epoch [15/20], Train Loss: 0.1500, Validation Loss: 0.2440
Epoch [16/20], Train Loss: 0.1404, Validation Loss: 0.2530
Epoch [17/20], Train Loss: 0.1300, Validation Loss: 0.2467
Epoch [18/20], Train Loss: 0.1286, Validation Loss: 0.2724
Epoch [19/20], Train Loss: 0.1444, Validation Loss: 0.2510
Epoch [20/20], Train Loss: 0.1382, Validation Loss: 0.2613
CSVファイルを作成中...
CSVファイルを 'result_DRA/['pH_dry_soil', 'available_P', 'EC_electric_conductivity', 'Total_C', 'Total_N']/fold5/ST/feature_train/shared_features_and_predictions.csv' に保存しました。
ヒストグラムを次元ごとに作成中...
ヒストグラムを 'result_DRA/['pH_dry_soil', 'available_P', 'EC_electric_conductivity', 'Total_C', 'Total_N']/fold5/ST/feature_train/histograms' ディレクトリに保存しました。
CSVファイルを作成中...
CSVファイルを 'result_DRA/['pH_dry_soil', 'available_P', 'EC_electric_conductivity', 'Total_C', 'Total_N']/fold5/ST/feature_test/shared_features_and_predictions.csv' に保存しました。
ヒストグラムを次元ごとに作成中...
ヒストグラムを 'result_DRA/['pH_dry_soil', 'available_P', 'EC_electric_conductivity', 'Total_C', 'Total_N']/fold5/ST/feature_test/histograms' ディレクトリに保存しました。
Output 1 (pH_dry_soil): R^2 Score = 0.716, MSE = 0.424
(352, 1)
(352, 1597)
['fold5']
RF：
決定係数：0.734409025512434
MAE：0.35550771482631055
['fold5']
XGB：
決定係数：0.6949708674901541
MAE：0.368467777967453
torch.Size([1128, 1597])
学習データ数: 1128
検証データ数: 283
テストデータ数: 352
Epoch [1/20], Train Loss: 1.6286, Validation Loss: 0.3728
Epoch [2/20], Train Loss: 0.3634, Validation Loss: 0.3488
Epoch [3/20], Train Loss: 0.3101, Validation Loss: 0.3333
Epoch [4/20], Train Loss: 0.2893, Validation Loss: 0.3181
Epoch [5/20], Train Loss: 0.2636, Validation Loss: 0.2818
Epoch [6/20], Train Loss: 0.2384, Validation Loss: 0.2513
Epoch [7/20], Train Loss: 0.2317, Validation Loss: 0.2339
Epoch [8/20], Train Loss: 0.2138, Validation Loss: 0.2243
Epoch [9/20], Train Loss: 0.1956, Validation Loss: 0.1852
Epoch [10/20], Train Loss: 0.1593, Validation Loss: 0.1679
Epoch [11/20], Train Loss: 0.1411, Validation Loss: 0.1686
Epoch [12/20], Train Loss: 0.1291, Validation Loss: 0.1570
Epoch [13/20], Train Loss: 0.1138, Validation Loss: 0.1499
Epoch [14/20], Train Loss: 0.1066, Validation Loss: 0.1495
Epoch [15/20], Train Loss: 0.0958, Validation Loss: 0.1548
Epoch [16/20], Train Loss: 0.0895, Validation Loss: 0.1652
Epoch [17/20], Train Loss: 0.0905, Validation Loss: 0.1791
Epoch [18/20], Train Loss: 0.0903, Validation Loss: 0.1462
Epoch [19/20], Train Loss: 0.0679, Validation Loss: 0.1525
Epoch [20/20], Train Loss: 0.0602, Validation Loss: 0.1484
CSVファイルを作成中...
CSVファイルを 'result_DRA/['pH_dry_soil', 'available_P', 'EC_electric_conductivity', 'Total_C', 'Total_N']/fold5/ST/feature_train/shared_features_and_predictions.csv' に保存しました。
ヒストグラムを次元ごとに作成中...
ヒストグラムを 'result_DRA/['pH_dry_soil', 'available_P', 'EC_electric_conductivity', 'Total_C', 'Total_N']/fold5/ST/feature_train/histograms' ディレクトリに保存しました。
CSVファイルを作成中...
CSVファイルを 'result_DRA/['pH_dry_soil', 'available_P', 'EC_electric_conductivity', 'Total_C', 'Total_N']/fold5/ST/feature_test/shared_features_and_predictions.csv' に保存しました。
ヒストグラムを次元ごとに作成中...
ヒストグラムを 'result_DRA/['pH_dry_soil', 'available_P', 'EC_electric_conductivity', 'Total_C', 'Total_N']/fold5/ST/feature_test/histograms' ディレクトリに保存しました。
Output 1 (available_P): R^2 Score = 0.745, MSE = 461.748
(352, 1)
(352, 1597)
['fold5']
RF：
決定係数：0.7371590197226678
MAE：438.3818909254797
['fold5']
XGB：
決定係数：0.7289831411043024
MAE：445.4173583984375
torch.Size([1128, 1597])
学習データ数: 1128
検証データ数: 283
テストデータ数: 352
Epoch [1/20], Train Loss: 1.1574, Validation Loss: 0.2135
Epoch [2/20], Train Loss: 0.2307, Validation Loss: 0.1245
Epoch [3/20], Train Loss: 0.1881, Validation Loss: 0.1319
Epoch [4/20], Train Loss: 0.1797, Validation Loss: 0.1058
Epoch [5/20], Train Loss: 0.1614, Validation Loss: 0.1282
Epoch [6/20], Train Loss: 0.1718, Validation Loss: 0.1059
Epoch [7/20], Train Loss: 0.1654, Validation Loss: 0.1066
Epoch [8/20], Train Loss: 0.1481, Validation Loss: 0.1088
Epoch [9/20], Train Loss: 0.1414, Validation Loss: 0.1279
Epoch [10/20], Train Loss: 0.1336, Validation Loss: 0.1177
Epoch [11/20], Train Loss: 0.1261, Validation Loss: 0.1280
Epoch [12/20], Train Loss: 0.1298, Validation Loss: 0.1480
Epoch [13/20], Train Loss: 0.1258, Validation Loss: 0.1357
Epoch [14/20], Train Loss: 0.1228, Validation Loss: 0.1371
Epoch [15/20], Train Loss: 0.1152, Validation Loss: 0.1238
Epoch [16/20], Train Loss: 0.1030, Validation Loss: 0.1203
Epoch [17/20], Train Loss: 0.1005, Validation Loss: 0.1320
Epoch [18/20], Train Loss: 0.1018, Validation Loss: 0.1647
Epoch [19/20], Train Loss: 0.1121, Validation Loss: 0.1499
Epoch [20/20], Train Loss: 0.1012, Validation Loss: 0.1367
CSVファイルを作成中...
CSVファイルを 'result_DRA/['pH_dry_soil', 'available_P', 'EC_electric_conductivity', 'Total_C', 'Total_N']/fold5/ST/feature_train/shared_features_and_predictions.csv' に保存しました。
ヒストグラムを次元ごとに作成中...
ヒストグラムを 'result_DRA/['pH_dry_soil', 'available_P', 'EC_electric_conductivity', 'Total_C', 'Total_N']/fold5/ST/feature_train/histograms' ディレクトリに保存しました。
CSVファイルを作成中...
CSVファイルを 'result_DRA/['pH_dry_soil', 'available_P', 'EC_electric_conductivity', 'Total_C', 'Total_N']/fold5/ST/feature_test/shared_features_and_predictions.csv' に保存しました。
ヒストグラムを次元ごとに作成中...
ヒストグラムを 'result_DRA/['pH_dry_soil', 'available_P', 'EC_electric_conductivity', 'Total_C', 'Total_N']/fold5/ST/feature_test/histograms' ディレクトリに保存しました。
Output 1 (EC_electric_conductivity): R^2 Score = 0.774, MSE = 0.164
(352, 1)
(352, 1597)
['fold5']
RF：
決定係数：0.7206029640401912
MAE：0.15555370411345068
['fold5']
XGB：
決定係数：0.6516925667296448
MAE：0.15414761006832123
torch.Size([1128, 1597])
学習データ数: 1128
検証データ数: 283
テストデータ数: 352
Epoch [1/20], Train Loss: 2.0992, Validation Loss: 0.7342
Epoch [2/20], Train Loss: 0.5488, Validation Loss: 0.4160
Epoch [3/20], Train Loss: 0.3560, Validation Loss: 0.3654
Epoch [4/20], Train Loss: 0.3026, Validation Loss: 0.3248
Epoch [5/20], Train Loss: 0.2681, Validation Loss: 0.2983
Epoch [6/20], Train Loss: 0.2205, Validation Loss: 0.2798
Epoch [7/20], Train Loss: 0.1972, Validation Loss: 0.2635
Epoch [8/20], Train Loss: 0.1750, Validation Loss: 0.2661
Epoch [9/20], Train Loss: 0.1598, Validation Loss: 0.2450
Epoch [10/20], Train Loss: 0.1475, Validation Loss: 0.2353
Epoch [11/20], Train Loss: 0.1296, Validation Loss: 0.2308
Epoch [12/20], Train Loss: 0.1279, Validation Loss: 0.2356
Epoch [13/20], Train Loss: 0.1263, Validation Loss: 0.2254
Epoch [14/20], Train Loss: 0.1154, Validation Loss: 0.2170
Epoch [15/20], Train Loss: 0.1036, Validation Loss: 0.2343
Epoch [16/20], Train Loss: 0.1030, Validation Loss: 0.2268
Epoch [17/20], Train Loss: 0.0973, Validation Loss: 0.2188
Epoch [18/20], Train Loss: 0.0933, Validation Loss: 0.2128
Epoch [19/20], Train Loss: 0.0882, Validation Loss: 0.2423
Epoch [20/20], Train Loss: 0.0847, Validation Loss: 0.2183
CSVファイルを作成中...
CSVファイルを 'result_DRA/['pH_dry_soil', 'available_P', 'EC_electric_conductivity', 'Total_C', 'Total_N']/fold5/ST/feature_train/shared_features_and_predictions.csv' に保存しました。
ヒストグラムを次元ごとに作成中...
ヒストグラムを 'result_DRA/['pH_dry_soil', 'available_P', 'EC_electric_conductivity', 'Total_C', 'Total_N']/fold5/ST/feature_train/histograms' ディレクトリに保存しました。
CSVファイルを作成中...
CSVファイルを 'result_DRA/['pH_dry_soil', 'available_P', 'EC_electric_conductivity', 'Total_C', 'Total_N']/fold5/ST/feature_test/shared_features_and_predictions.csv' に保存しました。
ヒストグラムを次元ごとに作成中...
ヒストグラムを 'result_DRA/['pH_dry_soil', 'available_P', 'EC_electric_conductivity', 'Total_C', 'Total_N']/fold5/ST/feature_test/histograms' ディレクトリに保存しました。
Output 1 (Total_C): R^2 Score = 0.768, MSE = 0.986
(352, 1)
(352, 1597)
['fold5']
RF：
決定係数：0.7265275105528071
MAE：0.9438900872808944
['fold5']
XGB：
決定係数：0.7444966312609095
MAE：0.9343381524085999
torch.Size([1128, 1597])
学習データ数: 1128
検証データ数: 283
テストデータ数: 352
Epoch [1/20], Train Loss: 1.1756, Validation Loss: 0.5797
Epoch [2/20], Train Loss: 0.2900, Validation Loss: 0.5552
Epoch [3/20], Train Loss: 0.2128, Validation Loss: 0.5387
Epoch [4/20], Train Loss: 0.1920, Validation Loss: 0.4970
Epoch [5/20], Train Loss: 0.1764, Validation Loss: 0.5249
Epoch [6/20], Train Loss: 0.1554, Validation Loss: 0.4820
Epoch [7/20], Train Loss: 0.1289, Validation Loss: 0.4840
Epoch [8/20], Train Loss: 0.1197, Validation Loss: 0.4804
Epoch [9/20], Train Loss: 0.1255, Validation Loss: 0.4728
Epoch [10/20], Train Loss: 0.1128, Validation Loss: 0.4800
Epoch [11/20], Train Loss: 0.1046, Validation Loss: 0.4780
Epoch [12/20], Train Loss: 0.0973, Validation Loss: 0.4793
Epoch [13/20], Train Loss: 0.1045, Validation Loss: 0.4870
Epoch [14/20], Train Loss: 0.0987, Validation Loss: 0.4777
Epoch [15/20], Train Loss: 0.0874, Validation Loss: 0.4667
Epoch [16/20], Train Loss: 0.0786, Validation Loss: 0.4665
Epoch [17/20], Train Loss: 0.0807, Validation Loss: 0.4683
Epoch [18/20], Train Loss: 0.0768, Validation Loss: 0.4662
Epoch [19/20], Train Loss: 0.0722, Validation Loss: 0.4647
Epoch [20/20], Train Loss: 0.0673, Validation Loss: 0.4667
CSVファイルを作成中...
CSVファイルを 'result_DRA/['pH_dry_soil', 'available_P', 'EC_electric_conductivity', 'Total_C', 'Total_N']/fold5/ST/feature_train/shared_features_and_predictions.csv' に保存しました。
ヒストグラムを次元ごとに作成中...
ヒストグラムを 'result_DRA/['pH_dry_soil', 'available_P', 'EC_electric_conductivity', 'Total_C', 'Total_N']/fold5/ST/feature_train/histograms' ディレクトリに保存しました。
CSVファイルを作成中...
CSVファイルを 'result_DRA/['pH_dry_soil', 'available_P', 'EC_electric_conductivity', 'Total_C', 'Total_N']/fold5/ST/feature_test/shared_features_and_predictions.csv' に保存しました。
ヒストグラムを次元ごとに作成中...
ヒストグラムを 'result_DRA/['pH_dry_soil', 'available_P', 'EC_electric_conductivity', 'Total_C', 'Total_N']/fold5/ST/feature_test/histograms' ディレクトリに保存しました。
Output 1 (Total_N): R^2 Score = 0.615, MSE = 0.072
(352, 1)
(352, 1597)
['fold5']
RF：
決定係数：0.558206171926801
MAE：0.07419023516888082
['fold5']
XGB：
決定係数：0.5443699129744553
MAE：0.07581540942192078
{'MAE': {'MT': {'EC_electric_conductivity': '0.157±0.009',
                'Total_C': '0.954±0.047',
                'Total_N': '0.073±0.006',
                'available_P': '400.729±49.094',
                'pH_dry_soil': '0.376±0.003'},
         'MT_SUM': {'EC_electric_conductivity': '0.159±0.009',
                    'Total_C': '0.974±0.021',
                    'Total_N': '0.076±0.005',
                    'available_P': '417.382±41.648',
                    'pH_dry_soil': '0.371±0.013'},
         'RF': {'EC_electric_conductivity': '0.156±0.006',
                'Total_C': '0.933±0.039',
                'Total_N': '0.079±0.005',
                'available_P': '411.472±27.587',
                'pH_dry_soil': '0.335±0.013'},
         'ST': {'EC_electric_conductivity': '0.157±0.011',
                'Total_C': '0.953±0.060',
                'Total_N': '0.077±0.004',
                'available_P': '398.435±39.479',
                'pH_dry_soil': '0.378±0.027'},
         'XGB': {'EC_electric_conductivity': '0.158±0.008',
                 'Total_C': '0.927±0.040',
                 'Total_N': '0.077±0.002',
                 'available_P': '402.306±25.239',
                 'pH_dry_soil': '0.352±0.009'}},
 'R': {'MT': {'EC_electric_conductivity': '0.753±0.022',
              'Total_C': '0.750±0.037',
              'Total_N': '0.599±0.117',
              'available_P': '0.772±0.026',
              'pH_dry_soil': '0.683±0.021'},
       'MT_SUM': {'EC_electric_conductivity': '0.756±0.027',
                  'Total_C': '0.743±0.034',
                  'Total_N': '0.597±0.123',
                  'available_P': '0.767±0.026',
                  'pH_dry_soil': '0.687±0.024'},
       'RF': {'EC_electric_conductivity': '0.727±0.031',
              'Total_C': '0.748±0.027',
              'Total_N': '0.504±0.106',
              'available_P': '0.739±0.038',
              'pH_dry_soil': '0.731±0.023'},
       'ST': {'EC_electric_conductivity': '0.755±0.024',
              'Total_C': '0.752±0.029',
              'Total_N': '0.595±0.118',
              'available_P': '0.771±0.029',
              'pH_dry_soil': '0.691±0.023'},
       'XGB': {'EC_electric_conductivity': '0.686±0.036',
               'Total_C': '0.748±0.011',
               'Total_N': '0.570±0.074',
               'available_P': '0.725±0.032',
               'pH_dry_soil': '0.699±0.009'}}}
CSVファイル 'result.csv' を作成しました。
